2023-11-28 12:20:21.5553 Microsoft.AspNetCore.Mvc.ModelBinding.ModelBinderFactory Registered model binder providers, in the following order: Microsoft.AspNetCore.Mvc.ModelBinding.Binders.BinderTypeModelBinderProvider, Microsoft.AspNetCore.Mvc.ModelBinding.Binders.ServicesModelBinderProvider, Microsoft.AspNetCore.Mvc.ModelBinding.Binders.BodyModelBinderProvider, Microsoft.AspNetCore.Mvc.ModelBinding.Binders.HeaderModelBinderProvider, Microsoft.AspNetCore.Mvc.ModelBinding.Binders.FloatingPointTypeModelBinderProvider, Microsoft.AspNetCore.Mvc.ModelBinding.Binders.EnumTypeModelBinderProvider, Microsoft.AspNetCore.Mvc.ModelBinding.Binders.DateTimeModelBinderProvider, Microsoft.AspNetCore.Mvc.ModelBinding.Binders.SimpleTypeModelBinderProvider, Microsoft.AspNetCore.Mvc.ModelBinding.Binders.CancellationTokenModelBinderProvider, Microsoft.AspNetCore.Mvc.ModelBinding.Binders.ByteArrayModelBinderProvider, Microsoft.AspNetCore.Mvc.ModelBinding.Binders.FormFileModelBinderProvider, Microsoft.AspNetCore.Mvc.ModelBinding.Binders.FormCollectionModelBinderProvider, Microsoft.AspNetCore.Mvc.ModelBinding.Binders.KeyValuePairModelBinderProvider, Microsoft.AspNetCore.Mvc.ModelBinding.Binders.DictionaryModelBinderProvider, Microsoft.AspNetCore.Mvc.ModelBinding.Binders.ArrayModelBinderProvider, Microsoft.AspNetCore.Mvc.ModelBinding.Binders.CollectionModelBinderProvider, Microsoft.AspNetCore.Mvc.ModelBinding.Binders.ComplexObjectModelBinderProvider 
2023-11-28 12:20:21.9586 Microsoft.Extensions.Hosting.Internal.Host Hosting starting 
2023-11-28 12:20:23.8827 Microsoft.AspNetCore.Server.Kestrel.Core.KestrelServer Using development certificate: CN=localhost (Thumbprint: C4ACB37C6DAFD417DD41422474A7DB616C86EF46) 
2023-11-28 12:20:24.8229 Microsoft.Hosting.Lifetime Now listening on: https://localhost:7164 
2023-11-28 12:20:24.8229 Microsoft.Hosting.Lifetime Now listening on: http://localhost:5229 
2023-11-28 12:20:24.8229 Microsoft.AspNetCore.Hosting.Diagnostics Loaded hosting startup assembly StorageCondition_API 
2023-11-28 12:20:24.8229 Microsoft.AspNetCore.Hosting.Diagnostics Loaded hosting startup assembly Microsoft.AspNetCore.Watch.BrowserRefresh 
2023-11-28 12:20:24.8229 Microsoft.AspNetCore.Hosting.Diagnostics Loaded hosting startup assembly Microsoft.WebTools.BrowserLink.Net 
2023-11-28 12:20:24.8229 Microsoft.Hosting.Lifetime Application started. Press Ctrl+C to shut down. 
2023-11-28 12:20:24.8229 Microsoft.Hosting.Lifetime Hosting environment: Development 
2023-11-28 12:20:24.8229 Microsoft.Hosting.Lifetime Content root path: D:\StorageConditions\StorageCondition_API\StorageCondition_API\ 
2023-11-28 12:20:24.8229 Microsoft.Extensions.Hosting.Internal.Host Hosting started 
2023-11-28 12:20:24.9185 Microsoft.AspNetCore.Server.Kestrel.Connections Connection id "0HMVFRP68OIVQ" accepted. 
2023-11-28 12:20:24.9185 Microsoft.AspNetCore.Server.Kestrel.Connections Connection id "0HMVFRP68OIVR" accepted. 
2023-11-28 12:20:24.9382 Microsoft.AspNetCore.Server.Kestrel.Connections Connection id "0HMVFRP68OIVR" started. 
2023-11-28 12:20:24.9382 Microsoft.AspNetCore.Server.Kestrel.Connections Connection id "0HMVFRP68OIVQ" started. 
2023-11-28 12:20:35.0281 Microsoft.AspNetCore.Server.Kestrel.Https.Internal.HttpsConnectionMiddleware Authentication of the HTTPS connection timed out. 
2023-11-28 12:20:35.0281 Microsoft.AspNetCore.Server.Kestrel.Https.Internal.HttpsConnectionMiddleware Authentication of the HTTPS connection timed out. 
2023-11-28 12:20:35.0418 Microsoft.AspNetCore.Server.Kestrel.Connections Connection id "0HMVFRP68OIVQ" stopped. 
2023-11-28 12:20:35.0418 Microsoft.AspNetCore.Server.Kestrel.Connections Connection id "0HMVFRP68OIVR" stopped. 
2023-11-28 12:20:35.0418 Microsoft.AspNetCore.Server.Kestrel.Transport.Sockets Connection id "0HMVFRP68OIVQ" sending FIN because: "The Socket transport's send loop completed gracefully." 
2023-11-28 12:20:35.0418 Microsoft.AspNetCore.Server.Kestrel.Transport.Sockets Connection id "0HMVFRP68OIVR" sending FIN because: "The Socket transport's send loop completed gracefully." 
2023-11-28 12:22:28.3750 Microsoft.AspNetCore.Server.Kestrel.Connections Connection id "0HMVFRP68OIVS" accepted. 
2023-11-28 12:22:28.3876 Microsoft.AspNetCore.Server.Kestrel.Connections Connection id "0HMVFRP68OIVS" started. 
2023-11-28 12:22:28.5045 Microsoft.AspNetCore.Server.Kestrel.Https.Internal.HttpsConnectionMiddleware Connection 0HMVFRP68OIVS established using the following protocol: Tls13 
2023-11-28 12:22:28.6021 Microsoft.AspNetCore.Hosting.Diagnostics Request starting HTTP/1.1 GET https://localhost:7164/api/TrackHistory/GetTrackRunsFromNDCID?ndcId=&pageIndex=0&numberOfRecPerPage=2&startDate=&endDate= - - 
2023-11-28 12:22:28.6303 Microsoft.AspNetCore.HostFiltering.HostFilteringMiddleware Wildcard detected, all requests with hosts will be allowed. 
2023-11-28 12:22:28.6303 Microsoft.AspNetCore.HostFiltering.HostFilteringMiddleware All hosts are allowed. 
2023-11-28 12:22:28.6798 Microsoft.AspNetCore.Routing.Matching.DfaMatcher 1 candidate(s) found for the request path '/api/TrackHistory/GetTrackRunsFromNDCID' 
2023-11-28 12:22:28.6798 Microsoft.AspNetCore.Routing.Matching.DfaMatcher Endpoint 'StorageCondition_API.Controllers.TrackHistory.GetTrackRunsFromNDCID (StorageCondition_API)' with route pattern 'api/TrackHistory/GetTrackRunsFromNDCID' is valid for the request path '/api/TrackHistory/GetTrackRunsFromNDCID' 
2023-11-28 12:22:28.6798 Microsoft.AspNetCore.Routing.EndpointRoutingMiddleware Request matched endpoint 'StorageCondition_API.Controllers.TrackHistory.GetTrackRunsFromNDCID (StorageCondition_API)' 
2023-11-28 12:22:28.7461 Microsoft.AspNetCore.StaticFiles.StaticFileMiddleware Static files was skipped as the request already matched an endpoint. 
2023-11-28 12:22:28.7461 Microsoft.AspNetCore.Routing.EndpointMiddleware Executing endpoint 'StorageCondition_API.Controllers.TrackHistory.GetTrackRunsFromNDCID (StorageCondition_API)' 
2023-11-28 12:22:28.7892 Microsoft.AspNetCore.Mvc.Infrastructure.ControllerActionInvoker Route matched with {action = "GetTrackRunsFromNDCID", controller = "TrackHistory"}. Executing controller action with signature System.Threading.Tasks.Task`1[Microsoft.AspNetCore.Mvc.IActionResult] GetTrackRunsFromNDCID(Int32, Int32, System.String, System.Nullable`1[System.DateTime], System.Nullable`1[System.DateTime]) on controller StorageCondition_API.Controllers.TrackHistory (StorageCondition_API). 
2023-11-28 12:22:28.7892 Microsoft.AspNetCore.Mvc.Infrastructure.ControllerActionInvoker Execution plan of authorization filters (in the following order): None 
2023-11-28 12:22:28.7892 Microsoft.AspNetCore.Mvc.Infrastructure.ControllerActionInvoker Execution plan of resource filters (in the following order): None 
2023-11-28 12:22:28.7892 Microsoft.AspNetCore.Mvc.Infrastructure.ControllerActionInvoker Execution plan of action filters (in the following order): Microsoft.AspNetCore.Mvc.ModelBinding.UnsupportedContentTypeFilter (Order: -3000), Microsoft.AspNetCore.Mvc.Infrastructure.ModelStateInvalidFilter (Order: -2000) 
2023-11-28 12:22:28.7892 Microsoft.AspNetCore.Mvc.Infrastructure.ControllerActionInvoker Execution plan of exception filters (in the following order): None 
2023-11-28 12:22:28.7892 Microsoft.AspNetCore.Mvc.Infrastructure.ControllerActionInvoker Execution plan of result filters (in the following order): Microsoft.AspNetCore.Mvc.Infrastructure.ClientErrorResultFilter (Order: -2000) 
2023-11-28 12:22:28.7892 Microsoft.AspNetCore.Mvc.Infrastructure.ControllerActionInvoker Executing controller factory for controller StorageCondition_API.Controllers.TrackHistory (StorageCondition_API) 
2023-11-28 12:22:28.9124 Microsoft.AspNetCore.Mvc.Infrastructure.ControllerActionInvoker Executed controller factory for controller StorageCondition_API.Controllers.TrackHistory (StorageCondition_API) 
2023-11-28 12:22:28.9399 Microsoft.AspNetCore.Mvc.ModelBinding.ParameterBinder Attempting to bind parameter 'pageIndex' of type 'System.Int32' ... 
2023-11-28 12:22:28.9399 Microsoft.AspNetCore.Mvc.ModelBinding.Binders.SimpleTypeModelBinder Attempting to bind parameter 'pageIndex' of type 'System.Int32' using the name 'pageIndex' in request data ... 
2023-11-28 12:22:28.9399 Microsoft.AspNetCore.Mvc.ModelBinding.Binders.SimpleTypeModelBinder Done attempting to bind parameter 'pageIndex' of type 'System.Int32'. 
2023-11-28 12:22:28.9399 Microsoft.AspNetCore.Mvc.ModelBinding.ParameterBinder Done attempting to bind parameter 'pageIndex' of type 'System.Int32'. 
2023-11-28 12:22:28.9399 Microsoft.AspNetCore.Mvc.ModelBinding.ParameterBinder Attempting to validate the bound parameter 'pageIndex' of type 'System.Int32' ... 
2023-11-28 12:22:28.9399 Microsoft.AspNetCore.Mvc.ModelBinding.ParameterBinder Done attempting to validate the bound parameter 'pageIndex' of type 'System.Int32'. 
2023-11-28 12:22:28.9399 Microsoft.AspNetCore.Mvc.ModelBinding.ParameterBinder Attempting to bind parameter 'numberOfRecPerPage' of type 'System.Int32' ... 
2023-11-28 12:22:28.9399 Microsoft.AspNetCore.Mvc.ModelBinding.Binders.SimpleTypeModelBinder Attempting to bind parameter 'numberOfRecPerPage' of type 'System.Int32' using the name 'numberOfRecPerPage' in request data ... 
2023-11-28 12:22:28.9399 Microsoft.AspNetCore.Mvc.ModelBinding.Binders.SimpleTypeModelBinder Done attempting to bind parameter 'numberOfRecPerPage' of type 'System.Int32'. 
2023-11-28 12:22:28.9399 Microsoft.AspNetCore.Mvc.ModelBinding.ParameterBinder Done attempting to bind parameter 'numberOfRecPerPage' of type 'System.Int32'. 
2023-11-28 12:22:28.9399 Microsoft.AspNetCore.Mvc.ModelBinding.ParameterBinder Attempting to validate the bound parameter 'numberOfRecPerPage' of type 'System.Int32' ... 
2023-11-28 12:22:28.9399 Microsoft.AspNetCore.Mvc.ModelBinding.ParameterBinder Done attempting to validate the bound parameter 'numberOfRecPerPage' of type 'System.Int32'. 
2023-11-28 12:22:28.9399 Microsoft.AspNetCore.Mvc.ModelBinding.ParameterBinder Attempting to bind parameter 'ndcId' of type 'System.String' ... 
2023-11-28 12:22:28.9399 Microsoft.AspNetCore.Mvc.ModelBinding.Binders.SimpleTypeModelBinder Attempting to bind parameter 'ndcId' of type 'System.String' using the name 'ndcId' in request data ... 
2023-11-28 12:22:28.9399 Microsoft.AspNetCore.Mvc.ModelBinding.Binders.SimpleTypeModelBinder Done attempting to bind parameter 'ndcId' of type 'System.String'. 
2023-11-28 12:22:28.9399 Microsoft.AspNetCore.Mvc.ModelBinding.ParameterBinder Done attempting to bind parameter 'ndcId' of type 'System.String'. 
2023-11-28 12:22:28.9399 Microsoft.AspNetCore.Mvc.ModelBinding.ParameterBinder Attempting to validate the bound parameter 'ndcId' of type 'System.String' ... 
2023-11-28 12:22:28.9399 Microsoft.AspNetCore.Mvc.ModelBinding.ParameterBinder Done attempting to validate the bound parameter 'ndcId' of type 'System.String'. 
2023-11-28 12:22:28.9399 Microsoft.AspNetCore.Mvc.ModelBinding.ParameterBinder Attempting to bind parameter 'startDate' of type 'System.Nullable`1[System.DateTime]' ... 
2023-11-28 12:22:28.9399 Microsoft.AspNetCore.Mvc.ModelBinding.Binders.DateTimeModelBinder Attempting to bind parameter 'startDate' of type 'System.Nullable`1[System.DateTime]' using the name 'startDate' in request data ... 
2023-11-28 12:22:28.9399 Microsoft.AspNetCore.Mvc.ModelBinding.Binders.DateTimeModelBinder Done attempting to bind parameter 'startDate' of type 'System.Nullable`1[System.DateTime]'. 
2023-11-28 12:22:28.9399 Microsoft.AspNetCore.Mvc.ModelBinding.ParameterBinder Done attempting to bind parameter 'startDate' of type 'System.Nullable`1[System.DateTime]'. 
2023-11-28 12:22:28.9399 Microsoft.AspNetCore.Mvc.ModelBinding.ParameterBinder Attempting to validate the bound parameter 'startDate' of type 'System.Nullable`1[System.DateTime]' ... 
2023-11-28 12:22:28.9399 Microsoft.AspNetCore.Mvc.ModelBinding.ParameterBinder Done attempting to validate the bound parameter 'startDate' of type 'System.Nullable`1[System.DateTime]'. 
2023-11-28 12:22:28.9399 Microsoft.AspNetCore.Mvc.ModelBinding.ParameterBinder Attempting to bind parameter 'endDate' of type 'System.Nullable`1[System.DateTime]' ... 
2023-11-28 12:22:28.9399 Microsoft.AspNetCore.Mvc.ModelBinding.Binders.DateTimeModelBinder Attempting to bind parameter 'endDate' of type 'System.Nullable`1[System.DateTime]' using the name 'endDate' in request data ... 
2023-11-28 12:22:28.9399 Microsoft.AspNetCore.Mvc.ModelBinding.Binders.DateTimeModelBinder Done attempting to bind parameter 'endDate' of type 'System.Nullable`1[System.DateTime]'. 
2023-11-28 12:22:28.9399 Microsoft.AspNetCore.Mvc.ModelBinding.ParameterBinder Done attempting to bind parameter 'endDate' of type 'System.Nullable`1[System.DateTime]'. 
2023-11-28 12:22:28.9399 Microsoft.AspNetCore.Mvc.ModelBinding.ParameterBinder Attempting to validate the bound parameter 'endDate' of type 'System.Nullable`1[System.DateTime]' ... 
2023-11-28 12:22:28.9399 Microsoft.AspNetCore.Mvc.ModelBinding.ParameterBinder Done attempting to validate the bound parameter 'endDate' of type 'System.Nullable`1[System.DateTime]'. 
2023-11-28 12:22:28.9399 Microsoft.AspNetCore.Mvc.Infrastructure.ControllerActionInvoker Action Filter: Before executing OnActionExecuting on filter Microsoft.AspNetCore.Mvc.ModelBinding.UnsupportedContentTypeFilter. 
2023-11-28 12:22:28.9399 Microsoft.AspNetCore.Mvc.Infrastructure.ControllerActionInvoker Action Filter: After executing OnActionExecuting on filter Microsoft.AspNetCore.Mvc.ModelBinding.UnsupportedContentTypeFilter. 
2023-11-28 12:22:28.9399 Microsoft.AspNetCore.Mvc.Infrastructure.ControllerActionInvoker Action Filter: Before executing OnActionExecuting on filter Microsoft.AspNetCore.Mvc.Infrastructure.ModelStateInvalidFilter. 
2023-11-28 12:22:28.9399 Microsoft.AspNetCore.Mvc.Infrastructure.ControllerActionInvoker Action Filter: After executing OnActionExecuting on filter Microsoft.AspNetCore.Mvc.Infrastructure.ModelStateInvalidFilter. 
2023-11-28 12:22:28.9597 Microsoft.AspNetCore.Mvc.Infrastructure.ControllerActionInvoker Executing action method StorageCondition_API.Controllers.TrackHistory.GetTrackRunsFromNDCID (StorageCondition_API) - Validation state: Valid 
2023-11-28 12:22:28.9597 Microsoft.AspNetCore.Mvc.Infrastructure.ControllerActionInvoker Executing action method StorageCondition_API.Controllers.TrackHistory.GetTrackRunsFromNDCID (StorageCondition_API) with arguments (0, 2, , , ) 
2023-11-28 12:22:31.8696 Microsoft.AspNetCore.Mvc.Infrastructure.ControllerActionInvoker Executed action method StorageCondition_API.Controllers.TrackHistory.GetTrackRunsFromNDCID (StorageCondition_API), returned result Microsoft.AspNetCore.Mvc.OkObjectResult in 2900.1491ms. 
2023-11-28 12:22:31.8696 Microsoft.AspNetCore.Mvc.Infrastructure.ControllerActionInvoker Action Filter: Before executing OnActionExecuted on filter Microsoft.AspNetCore.Mvc.Infrastructure.ModelStateInvalidFilter. 
2023-11-28 12:22:31.8696 Microsoft.AspNetCore.Mvc.Infrastructure.ControllerActionInvoker Action Filter: After executing OnActionExecuted on filter Microsoft.AspNetCore.Mvc.Infrastructure.ModelStateInvalidFilter. 
2023-11-28 12:22:31.8696 Microsoft.AspNetCore.Mvc.Infrastructure.ControllerActionInvoker Action Filter: Before executing OnActionExecuted on filter Microsoft.AspNetCore.Mvc.ModelBinding.UnsupportedContentTypeFilter. 
2023-11-28 12:22:31.8696 Microsoft.AspNetCore.Mvc.Infrastructure.ControllerActionInvoker Action Filter: After executing OnActionExecuted on filter Microsoft.AspNetCore.Mvc.ModelBinding.UnsupportedContentTypeFilter. 
2023-11-28 12:22:31.8696 Microsoft.AspNetCore.Mvc.Infrastructure.ControllerActionInvoker Result Filter: Before executing OnResultExecuting on filter Microsoft.AspNetCore.Mvc.Infrastructure.ClientErrorResultFilter. 
2023-11-28 12:22:31.8696 Microsoft.AspNetCore.Mvc.Infrastructure.ControllerActionInvoker Result Filter: After executing OnResultExecuting on filter Microsoft.AspNetCore.Mvc.Infrastructure.ClientErrorResultFilter. 
2023-11-28 12:22:31.8696 Microsoft.AspNetCore.Mvc.Infrastructure.ControllerActionInvoker Before executing action result Microsoft.AspNetCore.Mvc.OkObjectResult. 
2023-11-28 12:22:31.8789 Microsoft.AspNetCore.Mvc.Infrastructure.DefaultOutputFormatterSelector List of registered output formatters, in the following order: Microsoft.AspNetCore.Mvc.Formatters.HttpNoContentOutputFormatter, Microsoft.AspNetCore.Mvc.Formatters.StringOutputFormatter, Microsoft.AspNetCore.Mvc.Formatters.StreamOutputFormatter, Microsoft.AspNetCore.Mvc.Formatters.SystemTextJsonOutputFormatter 
2023-11-28 12:22:31.8789 Microsoft.AspNetCore.Mvc.Infrastructure.DefaultOutputFormatterSelector Attempting to select an output formatter based on Accept header 'application/json'. 
2023-11-28 12:22:31.8789 Microsoft.AspNetCore.Mvc.Infrastructure.DefaultOutputFormatterSelector Selected output formatter 'Microsoft.AspNetCore.Mvc.Formatters.SystemTextJsonOutputFormatter' and content type 'application/json' to write the response. 
2023-11-28 12:22:31.8789 Microsoft.AspNetCore.Mvc.Infrastructure.ObjectResultExecutor Executing OkObjectResult, writing value of type 'System.Collections.Generic.List`1[[StorageCondition_API.Model.TrackRun, StorageCondition_API, Version=1.0.0.0, Culture=neutral, PublicKeyToken=null]]'. 
2023-11-28 12:22:31.9354 Microsoft.AspNetCore.Mvc.Infrastructure.ControllerActionInvoker After executing action result Microsoft.AspNetCore.Mvc.OkObjectResult. 
2023-11-28 12:22:31.9354 Microsoft.AspNetCore.Mvc.Infrastructure.ControllerActionInvoker Result Filter: Before executing OnResultExecuted on filter Microsoft.AspNetCore.Mvc.Infrastructure.ClientErrorResultFilter. 
2023-11-28 12:22:31.9354 Microsoft.AspNetCore.Mvc.Infrastructure.ControllerActionInvoker Result Filter: After executing OnResultExecuted on filter Microsoft.AspNetCore.Mvc.Infrastructure.ClientErrorResultFilter. 
2023-11-28 12:22:31.9452 Microsoft.AspNetCore.Mvc.Infrastructure.ControllerActionInvoker Executed action StorageCondition_API.Controllers.TrackHistory.GetTrackRunsFromNDCID (StorageCondition_API) in 3147.3192ms 
2023-11-28 12:22:31.9452 Microsoft.AspNetCore.Routing.EndpointMiddleware Executed endpoint 'StorageCondition_API.Controllers.TrackHistory.GetTrackRunsFromNDCID (StorageCondition_API)' 
2023-11-28 12:22:31.9452 Microsoft.AspNetCore.Server.Kestrel.Connections Connection id "0HMVFRP68OIVS" completed keep alive response. 
2023-11-28 12:22:31.9567 Microsoft.AspNetCore.Hosting.Diagnostics Request finished HTTP/1.1 GET https://localhost:7164/api/TrackHistory/GetTrackRunsFromNDCID?ndcId=&pageIndex=0&numberOfRecPerPage=2&startDate=&endDate= - - - 200 - application/json;+charset=utf-8 3360.2424ms 
2023-11-28 12:22:32.4064 Microsoft.AspNetCore.Server.Kestrel.Transport.Sockets Connection id "0HMVFRP68OIVS" reset. 
2023-11-28 12:22:32.4064 Microsoft.AspNetCore.Server.Kestrel.Transport.Sockets Connection id "0HMVFRP68OIVS" sending FIN because: "The Socket transport's send loop completed gracefully." 
2023-11-28 12:22:32.4064 Microsoft.AspNetCore.Server.Kestrel.Connections Connection id "0HMVFRP68OIVS" disconnecting. 
2023-11-28 12:22:32.4128 Microsoft.AspNetCore.Server.Kestrel.Connections Connection id "0HMVFRP68OIVS" stopped. 
2023-11-28 12:22:34.2059 Microsoft.AspNetCore.Server.Kestrel.Connections Connection id "0HMVFRP68OIVT" accepted. 
2023-11-28 12:22:34.2059 Microsoft.AspNetCore.Server.Kestrel.Connections Connection id "0HMVFRP68OIVT" started. 
2023-11-28 12:22:34.2059 Microsoft.AspNetCore.Server.Kestrel.Https.Internal.HttpsConnectionMiddleware Connection 0HMVFRP68OIVT established using the following protocol: Tls13 
2023-11-28 12:22:34.2059 Microsoft.AspNetCore.Hosting.Diagnostics Request starting HTTP/1.1 GET https://localhost:7164/api/TrackHistory/getNdcDetailsFromRowKey/1220692c-8724-4cf5-ad9a-8778b0e5066c - - 
2023-11-28 12:22:34.2059 Microsoft.AspNetCore.HostFiltering.HostFilteringMiddleware All hosts are allowed. 
2023-11-28 12:22:34.2059 Microsoft.AspNetCore.Routing.Matching.DfaMatcher 1 candidate(s) found for the request path '/api/TrackHistory/getNdcDetailsFromRowKey/1220692c-8724-4cf5-ad9a-8778b0e5066c' 
2023-11-28 12:22:34.2059 Microsoft.AspNetCore.Routing.Matching.DfaMatcher Endpoint 'StorageCondition_API.Controllers.TrackHistory.getNdcDetailsFromRowKey (StorageCondition_API)' with route pattern 'api/TrackHistory/getNdcDetailsFromRowKey/{rowKey}' is valid for the request path '/api/TrackHistory/getNdcDetailsFromRowKey/1220692c-8724-4cf5-ad9a-8778b0e5066c' 
2023-11-28 12:22:34.2059 Microsoft.AspNetCore.Routing.EndpointRoutingMiddleware Request matched endpoint 'StorageCondition_API.Controllers.TrackHistory.getNdcDetailsFromRowKey (StorageCondition_API)' 
2023-11-28 12:22:34.2059 Microsoft.AspNetCore.StaticFiles.StaticFileMiddleware Static files was skipped as the request already matched an endpoint. 
2023-11-28 12:22:34.2059 Microsoft.AspNetCore.Routing.EndpointMiddleware Executing endpoint 'StorageCondition_API.Controllers.TrackHistory.getNdcDetailsFromRowKey (StorageCondition_API)' 
2023-11-28 12:22:34.2216 Microsoft.AspNetCore.Mvc.Infrastructure.ControllerActionInvoker Route matched with {action = "getNdcDetailsFromRowKey", controller = "TrackHistory"}. Executing controller action with signature System.Threading.Tasks.Task`1[Microsoft.AspNetCore.Mvc.IActionResult] getNdcDetailsFromRowKey(System.String) on controller StorageCondition_API.Controllers.TrackHistory (StorageCondition_API). 
2023-11-28 12:22:34.2216 Microsoft.AspNetCore.Mvc.Infrastructure.ControllerActionInvoker Execution plan of authorization filters (in the following order): None 
2023-11-28 12:22:34.2216 Microsoft.AspNetCore.Mvc.Infrastructure.ControllerActionInvoker Execution plan of resource filters (in the following order): None 
2023-11-28 12:22:34.2216 Microsoft.AspNetCore.Mvc.Infrastructure.ControllerActionInvoker Execution plan of action filters (in the following order): Microsoft.AspNetCore.Mvc.ModelBinding.UnsupportedContentTypeFilter (Order: -3000), Microsoft.AspNetCore.Mvc.Infrastructure.ModelStateInvalidFilter (Order: -2000) 
2023-11-28 12:22:34.2216 Microsoft.AspNetCore.Mvc.Infrastructure.ControllerActionInvoker Execution plan of exception filters (in the following order): None 
2023-11-28 12:22:34.2216 Microsoft.AspNetCore.Mvc.Infrastructure.ControllerActionInvoker Execution plan of result filters (in the following order): Microsoft.AspNetCore.Mvc.Infrastructure.ClientErrorResultFilter (Order: -2000) 
2023-11-28 12:22:34.2216 Microsoft.AspNetCore.Mvc.Infrastructure.ControllerActionInvoker Executing controller factory for controller StorageCondition_API.Controllers.TrackHistory (StorageCondition_API) 
2023-11-28 12:22:34.2216 Microsoft.AspNetCore.Mvc.Infrastructure.ControllerActionInvoker Executed controller factory for controller StorageCondition_API.Controllers.TrackHistory (StorageCondition_API) 
2023-11-28 12:22:34.2216 Microsoft.AspNetCore.Mvc.ModelBinding.ParameterBinder Attempting to bind parameter 'rowKey' of type 'System.String' ... 
2023-11-28 12:22:34.2216 Microsoft.AspNetCore.Mvc.ModelBinding.Binders.SimpleTypeModelBinder Attempting to bind parameter 'rowKey' of type 'System.String' using the name 'rowKey' in request data ... 
2023-11-28 12:22:34.2216 Microsoft.AspNetCore.Mvc.ModelBinding.Binders.SimpleTypeModelBinder Done attempting to bind parameter 'rowKey' of type 'System.String'. 
2023-11-28 12:22:34.2216 Microsoft.AspNetCore.Mvc.ModelBinding.ParameterBinder Done attempting to bind parameter 'rowKey' of type 'System.String'. 
2023-11-28 12:22:34.2216 Microsoft.AspNetCore.Mvc.ModelBinding.ParameterBinder Attempting to validate the bound parameter 'rowKey' of type 'System.String' ... 
2023-11-28 12:22:34.2216 Microsoft.AspNetCore.Mvc.ModelBinding.ParameterBinder Done attempting to validate the bound parameter 'rowKey' of type 'System.String'. 
2023-11-28 12:22:34.2216 Microsoft.AspNetCore.Mvc.Infrastructure.ControllerActionInvoker Action Filter: Before executing OnActionExecuting on filter Microsoft.AspNetCore.Mvc.ModelBinding.UnsupportedContentTypeFilter. 
2023-11-28 12:22:34.2216 Microsoft.AspNetCore.Mvc.Infrastructure.ControllerActionInvoker Action Filter: After executing OnActionExecuting on filter Microsoft.AspNetCore.Mvc.ModelBinding.UnsupportedContentTypeFilter. 
2023-11-28 12:22:34.2216 Microsoft.AspNetCore.Mvc.Infrastructure.ControllerActionInvoker Action Filter: Before executing OnActionExecuting on filter Microsoft.AspNetCore.Mvc.Infrastructure.ModelStateInvalidFilter. 
2023-11-28 12:22:34.2216 Microsoft.AspNetCore.Mvc.Infrastructure.ControllerActionInvoker Action Filter: After executing OnActionExecuting on filter Microsoft.AspNetCore.Mvc.Infrastructure.ModelStateInvalidFilter. 
2023-11-28 12:22:34.2216 Microsoft.AspNetCore.Mvc.Infrastructure.ControllerActionInvoker Executing action method StorageCondition_API.Controllers.TrackHistory.getNdcDetailsFromRowKey (StorageCondition_API) - Validation state: Valid 
2023-11-28 12:22:34.2216 Microsoft.AspNetCore.Mvc.Infrastructure.ControllerActionInvoker Executing action method StorageCondition_API.Controllers.TrackHistory.getNdcDetailsFromRowKey (StorageCondition_API) with arguments (1220692c-8724-4cf5-ad9a-8778b0e5066c) 
2023-11-28 12:22:36.0766 Microsoft.AspNetCore.Mvc.Infrastructure.ControllerActionInvoker Executed action method StorageCondition_API.Controllers.TrackHistory.getNdcDetailsFromRowKey (StorageCondition_API), returned result Microsoft.AspNetCore.Mvc.OkObjectResult in 1843.638ms. 
2023-11-28 12:22:36.0766 Microsoft.AspNetCore.Mvc.Infrastructure.ControllerActionInvoker Action Filter: Before executing OnActionExecuted on filter Microsoft.AspNetCore.Mvc.Infrastructure.ModelStateInvalidFilter. 
2023-11-28 12:22:36.0766 Microsoft.AspNetCore.Mvc.Infrastructure.ControllerActionInvoker Action Filter: After executing OnActionExecuted on filter Microsoft.AspNetCore.Mvc.Infrastructure.ModelStateInvalidFilter. 
2023-11-28 12:22:36.0766 Microsoft.AspNetCore.Mvc.Infrastructure.ControllerActionInvoker Action Filter: Before executing OnActionExecuted on filter Microsoft.AspNetCore.Mvc.ModelBinding.UnsupportedContentTypeFilter. 
2023-11-28 12:22:36.0766 Microsoft.AspNetCore.Mvc.Infrastructure.ControllerActionInvoker Action Filter: After executing OnActionExecuted on filter Microsoft.AspNetCore.Mvc.ModelBinding.UnsupportedContentTypeFilter. 
2023-11-28 12:22:36.0766 Microsoft.AspNetCore.Mvc.Infrastructure.ControllerActionInvoker Result Filter: Before executing OnResultExecuting on filter Microsoft.AspNetCore.Mvc.Infrastructure.ClientErrorResultFilter. 
2023-11-28 12:22:36.0766 Microsoft.AspNetCore.Mvc.Infrastructure.ControllerActionInvoker Result Filter: After executing OnResultExecuting on filter Microsoft.AspNetCore.Mvc.Infrastructure.ClientErrorResultFilter. 
2023-11-28 12:22:36.0766 Microsoft.AspNetCore.Mvc.Infrastructure.ControllerActionInvoker Before executing action result Microsoft.AspNetCore.Mvc.OkObjectResult. 
2023-11-28 12:22:36.0766 Microsoft.AspNetCore.Mvc.Infrastructure.DefaultOutputFormatterSelector List of registered output formatters, in the following order: Microsoft.AspNetCore.Mvc.Formatters.HttpNoContentOutputFormatter, Microsoft.AspNetCore.Mvc.Formatters.StringOutputFormatter, Microsoft.AspNetCore.Mvc.Formatters.StreamOutputFormatter, Microsoft.AspNetCore.Mvc.Formatters.SystemTextJsonOutputFormatter 
2023-11-28 12:22:36.0766 Microsoft.AspNetCore.Mvc.Infrastructure.DefaultOutputFormatterSelector Attempting to select an output formatter based on Accept header 'application/json'. 
2023-11-28 12:22:36.0766 Microsoft.AspNetCore.Mvc.Infrastructure.DefaultOutputFormatterSelector Selected output formatter 'Microsoft.AspNetCore.Mvc.Formatters.SystemTextJsonOutputFormatter' and content type 'application/json' to write the response. 
2023-11-28 12:22:36.0766 Microsoft.AspNetCore.Mvc.Infrastructure.ObjectResultExecutor Executing OkObjectResult, writing value of type 'StorageCondition_API.Model.TrackRun'. 
2023-11-28 12:22:36.0936 Microsoft.AspNetCore.Mvc.Infrastructure.ControllerActionInvoker After executing action result Microsoft.AspNetCore.Mvc.OkObjectResult. 
2023-11-28 12:22:36.0936 Microsoft.AspNetCore.Mvc.Infrastructure.ControllerActionInvoker Result Filter: Before executing OnResultExecuted on filter Microsoft.AspNetCore.Mvc.Infrastructure.ClientErrorResultFilter. 
2023-11-28 12:22:36.0936 Microsoft.AspNetCore.Mvc.Infrastructure.ControllerActionInvoker Result Filter: After executing OnResultExecuted on filter Microsoft.AspNetCore.Mvc.Infrastructure.ClientErrorResultFilter. 
2023-11-28 12:22:36.0936 Microsoft.AspNetCore.Mvc.Infrastructure.ControllerActionInvoker Executed action StorageCondition_API.Controllers.TrackHistory.getNdcDetailsFromRowKey (StorageCondition_API) in 1871.7101ms 
2023-11-28 12:22:36.0936 Microsoft.AspNetCore.Routing.EndpointMiddleware Executed endpoint 'StorageCondition_API.Controllers.TrackHistory.getNdcDetailsFromRowKey (StorageCondition_API)' 
2023-11-28 12:22:36.0936 Microsoft.AspNetCore.Server.Kestrel.Connections Connection id "0HMVFRP68OIVT" completed keep alive response. 
2023-11-28 12:22:36.0936 Microsoft.AspNetCore.Hosting.Diagnostics Request finished HTTP/1.1 GET https://localhost:7164/api/TrackHistory/getNdcDetailsFromRowKey/1220692c-8724-4cf5-ad9a-8778b0e5066c - - - 200 - application/json;+charset=utf-8 1883.6881ms 
2023-11-28 12:23:17.6516 Microsoft.AspNetCore.Server.Kestrel.Connections Connection id "0HMVFRP68OIVU" accepted. 
2023-11-28 12:23:17.6516 Microsoft.AspNetCore.Server.Kestrel.Connections Connection id "0HMVFRP68OIVU" started. 
2023-11-28 12:23:17.6718 Microsoft.AspNetCore.Server.Kestrel.Https.Internal.HttpsConnectionMiddleware Connection 0HMVFRP68OIVU established using the following protocol: Tls13 
2023-11-28 12:23:17.6718 Microsoft.AspNetCore.Hosting.Diagnostics Request starting HTTP/1.1 GET https://localhost:7164/api/TrackHistory/GetTrackRunsFromNDCID?ndcId=&pageIndex=0&numberOfRecPerPage=2&startDate=&endDate= - - 
2023-11-28 12:23:17.6718 Microsoft.AspNetCore.HostFiltering.HostFilteringMiddleware All hosts are allowed. 
2023-11-28 12:23:17.6718 Microsoft.AspNetCore.Routing.Matching.DfaMatcher 1 candidate(s) found for the request path '/api/TrackHistory/GetTrackRunsFromNDCID' 
2023-11-28 12:23:17.6718 Microsoft.AspNetCore.Routing.Matching.DfaMatcher Endpoint 'StorageCondition_API.Controllers.TrackHistory.GetTrackRunsFromNDCID (StorageCondition_API)' with route pattern 'api/TrackHistory/GetTrackRunsFromNDCID' is valid for the request path '/api/TrackHistory/GetTrackRunsFromNDCID' 
2023-11-28 12:23:17.6718 Microsoft.AspNetCore.Routing.EndpointRoutingMiddleware Request matched endpoint 'StorageCondition_API.Controllers.TrackHistory.GetTrackRunsFromNDCID (StorageCondition_API)' 
2023-11-28 12:23:17.6718 Microsoft.AspNetCore.StaticFiles.StaticFileMiddleware Static files was skipped as the request already matched an endpoint. 
2023-11-28 12:23:17.6718 Microsoft.AspNetCore.Routing.EndpointMiddleware Executing endpoint 'StorageCondition_API.Controllers.TrackHistory.GetTrackRunsFromNDCID (StorageCondition_API)' 
2023-11-28 12:23:17.6738 Microsoft.AspNetCore.Mvc.Infrastructure.ControllerActionInvoker Route matched with {action = "GetTrackRunsFromNDCID", controller = "TrackHistory"}. Executing controller action with signature System.Threading.Tasks.Task`1[Microsoft.AspNetCore.Mvc.IActionResult] GetTrackRunsFromNDCID(Int32, Int32, System.String, System.Nullable`1[System.DateTime], System.Nullable`1[System.DateTime]) on controller StorageCondition_API.Controllers.TrackHistory (StorageCondition_API). 
2023-11-28 12:23:17.6738 Microsoft.AspNetCore.Mvc.Infrastructure.ControllerActionInvoker Execution plan of authorization filters (in the following order): None 
2023-11-28 12:23:17.6738 Microsoft.AspNetCore.Mvc.Infrastructure.ControllerActionInvoker Execution plan of resource filters (in the following order): None 
2023-11-28 12:23:17.6738 Microsoft.AspNetCore.Mvc.Infrastructure.ControllerActionInvoker Execution plan of action filters (in the following order): Microsoft.AspNetCore.Mvc.ModelBinding.UnsupportedContentTypeFilter (Order: -3000), Microsoft.AspNetCore.Mvc.Infrastructure.ModelStateInvalidFilter (Order: -2000) 
2023-11-28 12:23:17.6738 Microsoft.AspNetCore.Mvc.Infrastructure.ControllerActionInvoker Execution plan of exception filters (in the following order): None 
2023-11-28 12:23:17.6738 Microsoft.AspNetCore.Mvc.Infrastructure.ControllerActionInvoker Execution plan of result filters (in the following order): Microsoft.AspNetCore.Mvc.Infrastructure.ClientErrorResultFilter (Order: -2000) 
2023-11-28 12:23:17.6738 Microsoft.AspNetCore.Mvc.Infrastructure.ControllerActionInvoker Executing controller factory for controller StorageCondition_API.Controllers.TrackHistory (StorageCondition_API) 
2023-11-28 12:23:17.6738 Microsoft.AspNetCore.Mvc.Infrastructure.ControllerActionInvoker Executed controller factory for controller StorageCondition_API.Controllers.TrackHistory (StorageCondition_API) 
2023-11-28 12:23:17.6738 Microsoft.AspNetCore.Mvc.ModelBinding.ParameterBinder Attempting to bind parameter 'pageIndex' of type 'System.Int32' ... 
2023-11-28 12:23:17.6738 Microsoft.AspNetCore.Mvc.ModelBinding.Binders.SimpleTypeModelBinder Attempting to bind parameter 'pageIndex' of type 'System.Int32' using the name 'pageIndex' in request data ... 
2023-11-28 12:23:17.6738 Microsoft.AspNetCore.Mvc.ModelBinding.Binders.SimpleTypeModelBinder Done attempting to bind parameter 'pageIndex' of type 'System.Int32'. 
2023-11-28 12:23:17.6738 Microsoft.AspNetCore.Mvc.ModelBinding.ParameterBinder Done attempting to bind parameter 'pageIndex' of type 'System.Int32'. 
2023-11-28 12:23:17.6738 Microsoft.AspNetCore.Mvc.ModelBinding.ParameterBinder Attempting to validate the bound parameter 'pageIndex' of type 'System.Int32' ... 
2023-11-28 12:23:17.6738 Microsoft.AspNetCore.Mvc.ModelBinding.ParameterBinder Done attempting to validate the bound parameter 'pageIndex' of type 'System.Int32'. 
2023-11-28 12:23:17.6738 Microsoft.AspNetCore.Mvc.ModelBinding.ParameterBinder Attempting to bind parameter 'numberOfRecPerPage' of type 'System.Int32' ... 
2023-11-28 12:23:17.6738 Microsoft.AspNetCore.Mvc.ModelBinding.Binders.SimpleTypeModelBinder Attempting to bind parameter 'numberOfRecPerPage' of type 'System.Int32' using the name 'numberOfRecPerPage' in request data ... 
2023-11-28 12:23:17.6738 Microsoft.AspNetCore.Mvc.ModelBinding.Binders.SimpleTypeModelBinder Done attempting to bind parameter 'numberOfRecPerPage' of type 'System.Int32'. 
2023-11-28 12:23:17.6738 Microsoft.AspNetCore.Mvc.ModelBinding.ParameterBinder Done attempting to bind parameter 'numberOfRecPerPage' of type 'System.Int32'. 
2023-11-28 12:23:17.6738 Microsoft.AspNetCore.Mvc.ModelBinding.ParameterBinder Attempting to validate the bound parameter 'numberOfRecPerPage' of type 'System.Int32' ... 
2023-11-28 12:23:17.6738 Microsoft.AspNetCore.Mvc.ModelBinding.ParameterBinder Done attempting to validate the bound parameter 'numberOfRecPerPage' of type 'System.Int32'. 
2023-11-28 12:23:17.6738 Microsoft.AspNetCore.Mvc.ModelBinding.ParameterBinder Attempting to bind parameter 'ndcId' of type 'System.String' ... 
2023-11-28 12:23:17.6738 Microsoft.AspNetCore.Mvc.ModelBinding.Binders.SimpleTypeModelBinder Attempting to bind parameter 'ndcId' of type 'System.String' using the name 'ndcId' in request data ... 
2023-11-28 12:23:17.6738 Microsoft.AspNetCore.Mvc.ModelBinding.Binders.SimpleTypeModelBinder Done attempting to bind parameter 'ndcId' of type 'System.String'. 
2023-11-28 12:23:17.6738 Microsoft.AspNetCore.Mvc.ModelBinding.ParameterBinder Done attempting to bind parameter 'ndcId' of type 'System.String'. 
2023-11-28 12:23:17.6738 Microsoft.AspNetCore.Mvc.ModelBinding.ParameterBinder Attempting to validate the bound parameter 'ndcId' of type 'System.String' ... 
2023-11-28 12:23:17.6738 Microsoft.AspNetCore.Mvc.ModelBinding.ParameterBinder Done attempting to validate the bound parameter 'ndcId' of type 'System.String'. 
2023-11-28 12:23:17.6738 Microsoft.AspNetCore.Mvc.ModelBinding.ParameterBinder Attempting to bind parameter 'startDate' of type 'System.Nullable`1[System.DateTime]' ... 
2023-11-28 12:23:17.6738 Microsoft.AspNetCore.Mvc.ModelBinding.Binders.DateTimeModelBinder Attempting to bind parameter 'startDate' of type 'System.Nullable`1[System.DateTime]' using the name 'startDate' in request data ... 
2023-11-28 12:23:17.6738 Microsoft.AspNetCore.Mvc.ModelBinding.Binders.DateTimeModelBinder Done attempting to bind parameter 'startDate' of type 'System.Nullable`1[System.DateTime]'. 
2023-11-28 12:23:17.6738 Microsoft.AspNetCore.Mvc.ModelBinding.ParameterBinder Done attempting to bind parameter 'startDate' of type 'System.Nullable`1[System.DateTime]'. 
2023-11-28 12:23:17.6738 Microsoft.AspNetCore.Mvc.ModelBinding.ParameterBinder Attempting to validate the bound parameter 'startDate' of type 'System.Nullable`1[System.DateTime]' ... 
2023-11-28 12:23:17.6738 Microsoft.AspNetCore.Mvc.ModelBinding.ParameterBinder Done attempting to validate the bound parameter 'startDate' of type 'System.Nullable`1[System.DateTime]'. 
2023-11-28 12:23:17.6738 Microsoft.AspNetCore.Mvc.ModelBinding.ParameterBinder Attempting to bind parameter 'endDate' of type 'System.Nullable`1[System.DateTime]' ... 
2023-11-28 12:23:17.6738 Microsoft.AspNetCore.Mvc.ModelBinding.Binders.DateTimeModelBinder Attempting to bind parameter 'endDate' of type 'System.Nullable`1[System.DateTime]' using the name 'endDate' in request data ... 
2023-11-28 12:23:17.6738 Microsoft.AspNetCore.Mvc.ModelBinding.Binders.DateTimeModelBinder Done attempting to bind parameter 'endDate' of type 'System.Nullable`1[System.DateTime]'. 
2023-11-28 12:23:17.6738 Microsoft.AspNetCore.Mvc.ModelBinding.ParameterBinder Done attempting to bind parameter 'endDate' of type 'System.Nullable`1[System.DateTime]'. 
2023-11-28 12:23:17.6738 Microsoft.AspNetCore.Mvc.ModelBinding.ParameterBinder Attempting to validate the bound parameter 'endDate' of type 'System.Nullable`1[System.DateTime]' ... 
2023-11-28 12:23:17.6738 Microsoft.AspNetCore.Mvc.ModelBinding.ParameterBinder Done attempting to validate the bound parameter 'endDate' of type 'System.Nullable`1[System.DateTime]'. 
2023-11-28 12:23:17.6738 Microsoft.AspNetCore.Mvc.Infrastructure.ControllerActionInvoker Action Filter: Before executing OnActionExecuting on filter Microsoft.AspNetCore.Mvc.ModelBinding.UnsupportedContentTypeFilter. 
2023-11-28 12:23:17.6738 Microsoft.AspNetCore.Mvc.Infrastructure.ControllerActionInvoker Action Filter: After executing OnActionExecuting on filter Microsoft.AspNetCore.Mvc.ModelBinding.UnsupportedContentTypeFilter. 
2023-11-28 12:23:17.6738 Microsoft.AspNetCore.Mvc.Infrastructure.ControllerActionInvoker Action Filter: Before executing OnActionExecuting on filter Microsoft.AspNetCore.Mvc.Infrastructure.ModelStateInvalidFilter. 
2023-11-28 12:23:17.6738 Microsoft.AspNetCore.Mvc.Infrastructure.ControllerActionInvoker Action Filter: After executing OnActionExecuting on filter Microsoft.AspNetCore.Mvc.Infrastructure.ModelStateInvalidFilter. 
2023-11-28 12:23:17.6738 Microsoft.AspNetCore.Mvc.Infrastructure.ControllerActionInvoker Executing action method StorageCondition_API.Controllers.TrackHistory.GetTrackRunsFromNDCID (StorageCondition_API) - Validation state: Valid 
2023-11-28 12:23:17.6738 Microsoft.AspNetCore.Mvc.Infrastructure.ControllerActionInvoker Executing action method StorageCondition_API.Controllers.TrackHistory.GetTrackRunsFromNDCID (StorageCondition_API) with arguments (0, 2, , , ) 
2023-11-28 12:23:19.1605 Microsoft.AspNetCore.Mvc.Infrastructure.ControllerActionInvoker Executed action method StorageCondition_API.Controllers.TrackHistory.GetTrackRunsFromNDCID (StorageCondition_API), returned result Microsoft.AspNetCore.Mvc.OkObjectResult in 1481.2319ms. 
2023-11-28 12:23:19.1605 Microsoft.AspNetCore.Mvc.Infrastructure.ControllerActionInvoker Action Filter: Before executing OnActionExecuted on filter Microsoft.AspNetCore.Mvc.Infrastructure.ModelStateInvalidFilter. 
2023-11-28 12:23:19.1605 Microsoft.AspNetCore.Mvc.Infrastructure.ControllerActionInvoker Action Filter: After executing OnActionExecuted on filter Microsoft.AspNetCore.Mvc.Infrastructure.ModelStateInvalidFilter. 
2023-11-28 12:23:19.1605 Microsoft.AspNetCore.Mvc.Infrastructure.ControllerActionInvoker Action Filter: Before executing OnActionExecuted on filter Microsoft.AspNetCore.Mvc.ModelBinding.UnsupportedContentTypeFilter. 
2023-11-28 12:23:19.1605 Microsoft.AspNetCore.Mvc.Infrastructure.ControllerActionInvoker Action Filter: After executing OnActionExecuted on filter Microsoft.AspNetCore.Mvc.ModelBinding.UnsupportedContentTypeFilter. 
2023-11-28 12:23:19.1605 Microsoft.AspNetCore.Mvc.Infrastructure.ControllerActionInvoker Result Filter: Before executing OnResultExecuting on filter Microsoft.AspNetCore.Mvc.Infrastructure.ClientErrorResultFilter. 
2023-11-28 12:23:19.1605 Microsoft.AspNetCore.Mvc.Infrastructure.ControllerActionInvoker Result Filter: After executing OnResultExecuting on filter Microsoft.AspNetCore.Mvc.Infrastructure.ClientErrorResultFilter. 
2023-11-28 12:23:19.1605 Microsoft.AspNetCore.Mvc.Infrastructure.ControllerActionInvoker Before executing action result Microsoft.AspNetCore.Mvc.OkObjectResult. 
2023-11-28 12:23:19.1605 Microsoft.AspNetCore.Mvc.Infrastructure.DefaultOutputFormatterSelector List of registered output formatters, in the following order: Microsoft.AspNetCore.Mvc.Formatters.HttpNoContentOutputFormatter, Microsoft.AspNetCore.Mvc.Formatters.StringOutputFormatter, Microsoft.AspNetCore.Mvc.Formatters.StreamOutputFormatter, Microsoft.AspNetCore.Mvc.Formatters.SystemTextJsonOutputFormatter 
2023-11-28 12:23:19.1605 Microsoft.AspNetCore.Mvc.Infrastructure.DefaultOutputFormatterSelector Attempting to select an output formatter based on Accept header 'application/json'. 
2023-11-28 12:23:19.1605 Microsoft.AspNetCore.Mvc.Infrastructure.DefaultOutputFormatterSelector Selected output formatter 'Microsoft.AspNetCore.Mvc.Formatters.SystemTextJsonOutputFormatter' and content type 'application/json' to write the response. 
2023-11-28 12:23:19.1605 Microsoft.AspNetCore.Mvc.Infrastructure.ObjectResultExecutor Executing OkObjectResult, writing value of type 'System.Collections.Generic.List`1[[StorageCondition_API.Model.TrackRun, StorageCondition_API, Version=1.0.0.0, Culture=neutral, PublicKeyToken=null]]'. 
2023-11-28 12:23:19.1605 Microsoft.AspNetCore.Mvc.Infrastructure.ControllerActionInvoker After executing action result Microsoft.AspNetCore.Mvc.OkObjectResult. 
2023-11-28 12:23:19.1605 Microsoft.AspNetCore.Mvc.Infrastructure.ControllerActionInvoker Result Filter: Before executing OnResultExecuted on filter Microsoft.AspNetCore.Mvc.Infrastructure.ClientErrorResultFilter. 
2023-11-28 12:23:19.1605 Microsoft.AspNetCore.Mvc.Infrastructure.ControllerActionInvoker Result Filter: After executing OnResultExecuted on filter Microsoft.AspNetCore.Mvc.Infrastructure.ClientErrorResultFilter. 
2023-11-28 12:23:19.1605 Microsoft.AspNetCore.Mvc.Infrastructure.ControllerActionInvoker Executed action StorageCondition_API.Controllers.TrackHistory.GetTrackRunsFromNDCID (StorageCondition_API) in 1487.4465ms 
2023-11-28 12:23:19.1605 Microsoft.AspNetCore.Routing.EndpointMiddleware Executed endpoint 'StorageCondition_API.Controllers.TrackHistory.GetTrackRunsFromNDCID (StorageCondition_API)' 
2023-11-28 12:23:19.1605 Microsoft.AspNetCore.Server.Kestrel.Connections Connection id "0HMVFRP68OIVU" completed keep alive response. 
2023-11-28 12:23:19.1605 Microsoft.AspNetCore.Hosting.Diagnostics Request finished HTTP/1.1 GET https://localhost:7164/api/TrackHistory/GetTrackRunsFromNDCID?ndcId=&pageIndex=0&numberOfRecPerPage=2&startDate=&endDate= - - - 200 - application/json;+charset=utf-8 1489.8080ms 
2023-11-28 12:23:19.2567 Microsoft.AspNetCore.Server.Kestrel.Transport.Sockets Connection id "0HMVFRP68OIVU" reset. 
2023-11-28 12:23:19.2567 Microsoft.AspNetCore.Server.Kestrel.Transport.Sockets Connection id "0HMVFRP68OIVU" sending FIN because: "The Socket transport's send loop completed gracefully." 
2023-11-28 12:23:19.2567 Microsoft.AspNetCore.Server.Kestrel.Connections Connection id "0HMVFRP68OIVU" disconnecting. 
2023-11-28 12:23:19.3068 Microsoft.AspNetCore.Server.Kestrel.Connections Connection id "0HMVFRP68OIVU" stopped. 
2023-11-28 12:23:49.2251 Microsoft.AspNetCore.Server.Kestrel.Transport.Sockets Connection id "0HMVFRP68OIVT" received FIN. 
2023-11-28 12:23:49.2251 Microsoft.AspNetCore.Server.Kestrel.Transport.Sockets Connection id "0HMVFRP68OIVT" sending FIN because: "The Socket transport's send loop completed gracefully." 
2023-11-28 12:23:49.2251 Microsoft.AspNetCore.Server.Kestrel.Connections Connection id "0HMVFRP68OIVT" disconnecting. 
2023-11-28 12:23:49.2251 Microsoft.AspNetCore.Server.Kestrel.Connections Connection id "0HMVFRP68OIVT" stopped. 
