2023-11-21 16:05:42.9433||DEBUG|Microsoft.AspNetCore.Mvc.ModelBinding.ModelBinderFactory|Registered model binder providers, in the following order: Microsoft.AspNetCore.Mvc.ModelBinding.Binders.BinderTypeModelBinderProvider, Microsoft.AspNetCore.Mvc.ModelBinding.Binders.ServicesModelBinderProvider, Microsoft.AspNetCore.Mvc.ModelBinding.Binders.BodyModelBinderProvider, Microsoft.AspNetCore.Mvc.ModelBinding.Binders.HeaderModelBinderProvider, Microsoft.AspNetCore.Mvc.ModelBinding.Binders.FloatingPointTypeModelBinderProvider, Microsoft.AspNetCore.Mvc.ModelBinding.Binders.EnumTypeModelBinderProvider, Microsoft.AspNetCore.Mvc.ModelBinding.Binders.DateTimeModelBinderProvider, Microsoft.AspNetCore.Mvc.ModelBinding.Binders.SimpleTypeModelBinderProvider, Microsoft.AspNetCore.Mvc.ModelBinding.Binders.CancellationTokenModelBinderProvider, Microsoft.AspNetCore.Mvc.ModelBinding.Binders.ByteArrayModelBinderProvider, Microsoft.AspNetCore.Mvc.ModelBinding.Binders.FormFileModelBinderProvider, Microsoft.AspNetCore.Mvc.ModelBinding.Binders.FormCollectionModelBinderProvider, Microsoft.AspNetCore.Mvc.ModelBinding.Binders.KeyValuePairModelBinderProvider, Microsoft.AspNetCore.Mvc.ModelBinding.Binders.DictionaryModelBinderProvider, Microsoft.AspNetCore.Mvc.ModelBinding.Binders.ArrayModelBinderProvider, Microsoft.AspNetCore.Mvc.ModelBinding.Binders.CollectionModelBinderProvider, Microsoft.AspNetCore.Mvc.ModelBinding.Binders.ComplexObjectModelBinderProvider 
2023-11-21 16:05:43.0921||DEBUG|Microsoft.Extensions.Hosting.Internal.Host|Hosting starting 
2023-11-21 16:05:43.3602||DEBUG|Microsoft.AspNetCore.Server.Kestrel.Core.KestrelServer|Using development certificate: CN=localhost (Thumbprint: C4ACB37C6DAFD417DD41422474A7DB616C86EF46) 
2023-11-21 16:05:43.4198||INFO|Microsoft.Hosting.Lifetime|Now listening on: https://localhost:7164 
2023-11-21 16:05:43.4198||INFO|Microsoft.Hosting.Lifetime|Now listening on: http://localhost:5229 
2023-11-21 16:05:43.4198||DEBUG|Microsoft.AspNetCore.Hosting.Diagnostics|Loaded hosting startup assembly StorageCondition_API 
2023-11-21 16:05:43.4198||DEBUG|Microsoft.AspNetCore.Hosting.Diagnostics|Loaded hosting startup assembly Microsoft.AspNetCore.Watch.BrowserRefresh 
2023-11-21 16:05:43.4199||DEBUG|Microsoft.AspNetCore.Hosting.Diagnostics|Loaded hosting startup assembly Microsoft.WebTools.BrowserLink.Net 
2023-11-21 16:05:43.4199||INFO|Microsoft.Hosting.Lifetime|Application started. Press Ctrl+C to shut down. 
2023-11-21 16:05:43.4199||INFO|Microsoft.Hosting.Lifetime|Hosting environment: Development 
2023-11-21 16:05:43.4199||INFO|Microsoft.Hosting.Lifetime|Content root path: D:\StorageConditions\StorageCondition_API\StorageCondition_API\ 
2023-11-21 16:05:43.4199||DEBUG|Microsoft.Extensions.Hosting.Internal.Host|Hosting started 
2023-11-21 16:05:43.4632||DEBUG|Microsoft.AspNetCore.Server.Kestrel.Connections|Connection id "0HMVAFMELEBAB" accepted. 
2023-11-21 16:05:43.4632||DEBUG|Microsoft.AspNetCore.Server.Kestrel.Connections|Connection id "0HMVAFMELEBAB" started. 
2023-11-21 16:05:43.4632||DEBUG|Microsoft.AspNetCore.Server.Kestrel.Connections|Connection id "0HMVAFMELEBAC" accepted. 
2023-11-21 16:05:43.4632||DEBUG|Microsoft.AspNetCore.Server.Kestrel.Connections|Connection id "0HMVAFMELEBAC" started. 
2023-11-21 16:05:43.4855||DEBUG|Microsoft.AspNetCore.Server.Kestrel.Transport.Sockets|Connection id "0HMVAFMELEBAB" received FIN. 
2023-11-21 16:05:43.4855||DEBUG|Microsoft.AspNetCore.Server.Kestrel.Transport.Sockets|Connection id "0HMVAFMELEBAC" received FIN. 
2023-11-21 16:05:43.5123||DEBUG|Microsoft.AspNetCore.Server.Kestrel.Https.Internal.HttpsConnectionMiddleware|Failed to authenticate HTTPS connection. System.IO.IOException:  Received an unexpected EOF or 0 bytes from the transport stream.
   at System.Net.Security.SslStream.<FillHandshakeBufferAsync>g__InternalFillHandshakeBufferAsync|189_0[TIOAdapter](TIOAdapter adap, ValueTask`1 task, Int32 minSize)
   at System.Net.Security.SslStream.ReceiveBlobAsync[TIOAdapter](TIOAdapter adapter)
   at System.Net.Security.SslStream.ForceAuthenticationAsync[TIOAdapter](TIOAdapter adapter, Boolean receiveFirst, Byte[] reAuthenticationData, Boolean isApm)
   at Microsoft.AspNetCore.Server.Kestrel.Https.Internal.HttpsConnectionMiddleware.OnConnectionAsync(ConnectionContext context)
2023-11-21 16:05:43.5123||DEBUG|Microsoft.AspNetCore.Server.Kestrel.Https.Internal.HttpsConnectionMiddleware|Failed to authenticate HTTPS connection. System.IO.IOException:  Received an unexpected EOF or 0 bytes from the transport stream.
   at System.Net.Security.SslStream.<FillHandshakeBufferAsync>g__InternalFillHandshakeBufferAsync|189_0[TIOAdapter](TIOAdapter adap, ValueTask`1 task, Int32 minSize)
   at System.Net.Security.SslStream.ReceiveBlobAsync[TIOAdapter](TIOAdapter adapter)
   at System.Net.Security.SslStream.ForceAuthenticationAsync[TIOAdapter](TIOAdapter adapter, Boolean receiveFirst, Byte[] reAuthenticationData, Boolean isApm)
   at Microsoft.AspNetCore.Server.Kestrel.Https.Internal.HttpsConnectionMiddleware.OnConnectionAsync(ConnectionContext context)
2023-11-21 16:05:43.5677||DEBUG|Microsoft.AspNetCore.Server.Kestrel.Connections|Connection id "0HMVAFMELEBAC" stopped. 
2023-11-21 16:05:43.5677||DEBUG|Microsoft.AspNetCore.Server.Kestrel.Connections|Connection id "0HMVAFMELEBAB" stopped. 
2023-11-21 16:05:43.5677||DEBUG|Microsoft.AspNetCore.Server.Kestrel.Transport.Sockets|Connection id "0HMVAFMELEBAB" sending FIN because: "The Socket transport's send loop completed gracefully." 
2023-11-21 16:05:43.5677||DEBUG|Microsoft.AspNetCore.Server.Kestrel.Transport.Sockets|Connection id "0HMVAFMELEBAC" sending FIN because: "The Socket transport's send loop completed gracefully." 
2023-11-21 16:05:44.1216||DEBUG|Microsoft.AspNetCore.Server.Kestrel.Connections|Connection id "0HMVAFMELEBAD" accepted. 
2023-11-21 16:05:44.1216||DEBUG|Microsoft.AspNetCore.Server.Kestrel.Connections|Connection id "0HMVAFMELEBAD" started. 
2023-11-21 16:05:44.1601||DEBUG|Microsoft.AspNetCore.Server.Kestrel.Connections|Connection id "0HMVAFMELEBAE" accepted. 
2023-11-21 16:05:44.1601||DEBUG|Microsoft.AspNetCore.Server.Kestrel.Connections|Connection id "0HMVAFMELEBAE" started. 
2023-11-21 16:05:44.3014||DEBUG|Microsoft.AspNetCore.Server.Kestrel.Transport.Sockets|Connection id "0HMVAFMELEBAE" received FIN. 
2023-11-21 16:05:44.3238||DEBUG|Microsoft.AspNetCore.Server.Kestrel.Https.Internal.HttpsConnectionMiddleware|Connection 0HMVAFMELEBAE established using the following protocol: Tls13 
2023-11-21 16:05:44.3238||DEBUG|Microsoft.AspNetCore.Server.Kestrel.Https.Internal.HttpsConnectionMiddleware|Connection 0HMVAFMELEBAD established using the following protocol: Tls13 
2023-11-21 16:05:44.4417||DEBUG|Microsoft.AspNetCore.Server.Kestrel.Http2|Connection id "0HMVAFMELEBAE" is closed. The last processed stream ID was 0. 
2023-11-21 16:05:44.4417||DEBUG|Microsoft.AspNetCore.Server.Kestrel.Transport.Sockets|Connection id "0HMVAFMELEBAE" sending FIN because: "The Socket transport's send loop completed gracefully." 
2023-11-21 16:05:44.4850||DEBUG|Microsoft.AspNetCore.Server.Kestrel.Connections|Connection id "0HMVAFMELEBAE" stopped. 
2023-11-21 16:05:44.4850||TRACE|Microsoft.AspNetCore.Server.Kestrel.Http2|Connection id "0HMVAFMELEBAD" sending SETTINGS frame for stream ID 0 with length 18 and flags NONE. 
2023-11-21 16:05:44.4850||TRACE|Microsoft.AspNetCore.Server.Kestrel.Http2|Connection id "0HMVAFMELEBAD" sending WINDOW_UPDATE frame for stream ID 0 with length 4 and flags 0x0. 
2023-11-21 16:05:44.4850||TRACE|Microsoft.AspNetCore.Server.Kestrel.Http2|Connection id "0HMVAFMELEBAD" received SETTINGS frame for stream ID 0 with length 24 and flags NONE. 
2023-11-21 16:05:44.4850||TRACE|Microsoft.AspNetCore.Server.Kestrel.Http2|Connection id "0HMVAFMELEBAD" sending SETTINGS frame for stream ID 0 with length 0 and flags ACK. 
2023-11-21 16:05:44.4850||TRACE|Microsoft.AspNetCore.Server.Kestrel.Http2|Connection id "0HMVAFMELEBAD" received WINDOW_UPDATE frame for stream ID 0 with length 4 and flags 0x0. 
2023-11-21 16:05:44.4850||TRACE|Microsoft.AspNetCore.Server.Kestrel.Http2|Connection id "0HMVAFMELEBAD" received HEADERS frame for stream ID 1 with length 450 and flags END_STREAM, END_HEADERS, PRIORITY. 
2023-11-21 16:05:44.5335||TRACE|Microsoft.AspNetCore.Server.Kestrel.Http2|Connection id "0HMVAFMELEBAD" received SETTINGS frame for stream ID 0 with length 0 and flags ACK. 
2023-11-21 16:05:44.5581||INFO|Microsoft.AspNetCore.Hosting.Diagnostics|Request starting HTTP/2 GET https://localhost:7164/swagger/index.html - - 
2023-11-21 16:05:44.6166||DEBUG|Microsoft.AspNetCore.HostFiltering.HostFilteringMiddleware|Wildcard detected, all requests with hosts will be allowed. 
2023-11-21 16:05:44.6166||TRACE|Microsoft.AspNetCore.HostFiltering.HostFilteringMiddleware|All hosts are allowed. 
2023-11-21 16:05:44.6615||DEBUG|Microsoft.AspNetCore.Routing.Matching.DfaMatcher|No candidates found for the request path '/swagger/index.html' 
2023-11-21 16:05:44.6615||DEBUG|Microsoft.AspNetCore.Routing.EndpointRoutingMiddleware|Request did not match any endpoints 
2023-11-21 16:05:44.8986||DEBUG|Microsoft.AspNetCore.Watch.BrowserRefresh.BrowserRefreshMiddleware|Response markup is scheduled to include browser refresh script injection. 
2023-11-21 16:05:44.9437||TRACE|Microsoft.AspNetCore.Server.Kestrel.Http2|Connection id "0HMVAFMELEBAD" sending HEADERS frame for stream ID 1 with length 66 and flags END_HEADERS. 
2023-11-21 16:05:45.2426||TRACE|Microsoft.AspNetCore.Server.Kestrel.Http2|Connection id "0HMVAFMELEBAD" sending DATA frame for stream ID 1 with length 1024 and flags NONE. 
2023-11-21 16:05:45.2426||TRACE|Microsoft.AspNetCore.Server.Kestrel.Http2|Connection id "0HMVAFMELEBAD" sending DATA frame for stream ID 1 with length 1024 and flags NONE. 
2023-11-21 16:05:45.2426||TRACE|Microsoft.AspNetCore.Server.Kestrel.Http2|Connection id "0HMVAFMELEBAD" sending DATA frame for stream ID 1 with length 1024 and flags NONE. 
2023-11-21 16:05:45.2426||TRACE|Microsoft.AspNetCore.Server.Kestrel.Http2|Connection id "0HMVAFMELEBAD" sending DATA frame for stream ID 1 with length 1024 and flags NONE. 
2023-11-21 16:05:45.2426||TRACE|Microsoft.AspNetCore.Server.Kestrel.Http2|Connection id "0HMVAFMELEBAD" sending DATA frame for stream ID 1 with length 1002 and flags NONE. 
2023-11-21 16:05:45.2426||TRACE|Microsoft.AspNetCore.Server.Kestrel.Http2|Connection id "0HMVAFMELEBAD" sending DATA frame for stream ID 1 with length 65 and flags NONE. 
2023-11-21 16:05:45.2426||TRACE|Microsoft.AspNetCore.Server.Kestrel.Http2|Connection id "0HMVAFMELEBAD" sending DATA frame for stream ID 1 with length 16 and flags NONE. 
2023-11-21 16:05:45.2640||DEBUG|Microsoft.AspNetCore.Watch.BrowserRefresh.BrowserRefreshMiddleware|Response markup was updated to include browser refresh script injection. 
2023-11-21 16:05:45.2640||TRACE|Microsoft.AspNetCore.Server.Kestrel.Http2|Connection id "0HMVAFMELEBAD" received HEADERS frame for stream ID 3 with length 109 and flags END_STREAM, END_HEADERS, PRIORITY. 
2023-11-21 16:05:45.3006||TRACE|Microsoft.AspNetCore.Server.Kestrel.Http2|Connection id "0HMVAFMELEBAD" received HEADERS frame for stream ID 5 with length 58 and flags END_STREAM, END_HEADERS, PRIORITY. 
2023-11-21 16:05:45.3006||INFO|Microsoft.AspNetCore.Hosting.Diagnostics|Request starting HTTP/2 GET https://localhost:7164/_vs/browserLink - - 
2023-11-21 16:05:45.3006||INFO|Microsoft.AspNetCore.Hosting.Diagnostics|Request starting HTTP/2 GET https://localhost:7164/_framework/aspnetcore-browser-refresh.js - - 
2023-11-21 16:05:45.3006||TRACE|Microsoft.AspNetCore.Server.Kestrel.Http2|Connection id "0HMVAFMELEBAD" sending DATA frame for stream ID 1 with length 0 and flags END_STREAM. 
2023-11-21 16:05:45.3006||INFO|Microsoft.AspNetCore.Hosting.Diagnostics|Request finished HTTP/2 GET https://localhost:7164/swagger/index.html - - - 200 - text/html;charset=utf-8 755.1034ms 
2023-11-21 16:05:45.3133||TRACE|Microsoft.AspNetCore.Server.Kestrel.Http2|Connection id "0HMVAFMELEBAD" sending HEADERS frame for stream ID 3 with length 90 and flags END_HEADERS. 
2023-11-21 16:05:45.3133||TRACE|Microsoft.AspNetCore.Server.Kestrel.Http2|Connection id "0HMVAFMELEBAD" sending DATA frame for stream ID 3 with length 12372 and flags NONE. 
2023-11-21 16:05:45.3292||TRACE|Microsoft.AspNetCore.Server.Kestrel.Http2|Connection id "0HMVAFMELEBAD" sending DATA frame for stream ID 3 with length 0 and flags END_STREAM. 
2023-11-21 16:05:45.3292||INFO|Microsoft.AspNetCore.Hosting.Diagnostics|Request finished HTTP/2 GET https://localhost:7164/_framework/aspnetcore-browser-refresh.js - - - 200 12372 application/javascript;+charset=utf-8 24.4211ms 
2023-11-21 16:05:45.3292||TRACE|Microsoft.AspNetCore.Server.Kestrel.Http2|Connection id "0HMVAFMELEBAD" sending HEADERS frame for stream ID 5 with length 119 and flags END_HEADERS. 
2023-11-21 16:05:45.3292||TRACE|Microsoft.AspNetCore.Server.Kestrel.Http2|Connection id "0HMVAFMELEBAD" sending DATA frame for stream ID 5 with length 9986 and flags NONE. 
2023-11-21 16:05:45.3292||TRACE|Microsoft.AspNetCore.Server.Kestrel.Http2|Connection id "0HMVAFMELEBAD" sending DATA frame for stream ID 5 with length 10240 and flags NONE. 
2023-11-21 16:05:45.3292||TRACE|Microsoft.AspNetCore.Server.Kestrel.Http2|Connection id "0HMVAFMELEBAD" sending DATA frame for stream ID 5 with length 10240 and flags NONE. 
2023-11-21 16:05:45.3292||TRACE|Microsoft.AspNetCore.Server.Kestrel.Http2|Connection id "0HMVAFMELEBAD" sending DATA frame for stream ID 5 with length 10240 and flags NONE. 
2023-11-21 16:05:45.3292||TRACE|Microsoft.AspNetCore.Server.Kestrel.Http2|Connection id "0HMVAFMELEBAD" sending DATA frame for stream ID 5 with length 10240 and flags NONE. 
2023-11-21 16:05:45.3292||TRACE|Microsoft.AspNetCore.Server.Kestrel.Http2|Connection id "0HMVAFMELEBAD" sending DATA frame for stream ID 5 with length 10240 and flags NONE. 
2023-11-21 16:05:45.3292||TRACE|Microsoft.AspNetCore.Server.Kestrel.Http2|Connection id "0HMVAFMELEBAD" sending DATA frame for stream ID 5 with length 10240 and flags NONE. 
2023-11-21 16:05:45.3432||TRACE|Microsoft.AspNetCore.Server.Kestrel.Http2|Connection id "0HMVAFMELEBAD" sending DATA frame for stream ID 5 with length 10240 and flags NONE. 
2023-11-21 16:05:45.3432||TRACE|Microsoft.AspNetCore.Server.Kestrel.Http2|Connection id "0HMVAFMELEBAD" sending DATA frame for stream ID 5 with length 10240 and flags NONE. 
2023-11-21 16:05:45.3432||TRACE|Microsoft.AspNetCore.Server.Kestrel.Http2|Connection id "0HMVAFMELEBAD" sending DATA frame for stream ID 5 with length 10240 and flags NONE. 
2023-11-21 16:05:45.3432||TRACE|Microsoft.AspNetCore.Server.Kestrel.Http2|Connection id "0HMVAFMELEBAD" sending DATA frame for stream ID 5 with length 10240 and flags NONE. 
2023-11-21 16:05:45.3432||TRACE|Microsoft.AspNetCore.Server.Kestrel.Http2|Connection id "0HMVAFMELEBAD" sending DATA frame for stream ID 5 with length 10240 and flags NONE. 
2023-11-21 16:05:45.3432||TRACE|Microsoft.AspNetCore.Server.Kestrel.Http2|Connection id "0HMVAFMELEBAD" sending DATA frame for stream ID 5 with length 10240 and flags NONE. 
2023-11-21 16:05:45.3432||TRACE|Microsoft.AspNetCore.Server.Kestrel.Http2|Connection id "0HMVAFMELEBAD" sending DATA frame for stream ID 5 with length 10240 and flags NONE. 
2023-11-21 16:05:45.3432||TRACE|Microsoft.AspNetCore.Server.Kestrel.Http2|Connection id "0HMVAFMELEBAD" sending DATA frame for stream ID 5 with length 10240 and flags NONE. 
2023-11-21 16:05:45.3432||TRACE|Microsoft.AspNetCore.Server.Kestrel.Http2|Connection id "0HMVAFMELEBAD" sending DATA frame for stream ID 5 with length 160 and flags NONE. 
2023-11-21 16:05:45.3432||TRACE|Microsoft.AspNetCore.Server.Kestrel.Http2|Connection id "0HMVAFMELEBAD" sending DATA frame for stream ID 5 with length 0 and flags END_STREAM. 
2023-11-21 16:05:45.3432||INFO|Microsoft.AspNetCore.Hosting.Diagnostics|Request finished HTTP/2 GET https://localhost:7164/_vs/browserLink - - - 200 - text/javascript;+charset=UTF-8 41.1991ms 
2023-11-21 16:05:45.4184||TRACE|Microsoft.AspNetCore.Server.Kestrel.Http2|Connection id "0HMVAFMELEBAD" received HEADERS frame for stream ID 7 with length 66 and flags END_STREAM, END_HEADERS, PRIORITY. 
2023-11-21 16:05:45.4228||INFO|Microsoft.AspNetCore.Hosting.Diagnostics|Request starting HTTP/2 GET https://localhost:7164/swagger/v1/swagger.json - - 
2023-11-21 16:05:45.4228||TRACE|Microsoft.AspNetCore.HostFiltering.HostFilteringMiddleware|All hosts are allowed. 
2023-11-21 16:05:45.4228||DEBUG|Microsoft.AspNetCore.Routing.Matching.DfaMatcher|No candidates found for the request path '/swagger/v1/swagger.json' 
2023-11-21 16:05:45.4228||DEBUG|Microsoft.AspNetCore.Routing.EndpointRoutingMiddleware|Request did not match any endpoints 
2023-11-21 16:05:45.6064||TRACE|Microsoft.AspNetCore.Server.Kestrel.Http2|Connection id "0HMVAFMELEBAD" sending HEADERS frame for stream ID 7 with length 35 and flags END_HEADERS. 
2023-11-21 16:05:45.6064||TRACE|Microsoft.AspNetCore.Server.Kestrel.Http2|Connection id "0HMVAFMELEBAD" sending DATA frame for stream ID 7 with length 8149 and flags NONE. 
2023-11-21 16:05:45.6064||TRACE|Microsoft.AspNetCore.Server.Kestrel.Http2|Connection id "0HMVAFMELEBAD" sending DATA frame for stream ID 7 with length 0 and flags END_STREAM. 
2023-11-21 16:05:45.6064||INFO|Microsoft.AspNetCore.Hosting.Diagnostics|Request finished HTTP/2 GET https://localhost:7164/swagger/v1/swagger.json - - - 200 - application/json;charset=utf-8 184.2519ms 
2023-11-21 16:07:04.8911||TRACE|Microsoft.AspNetCore.Server.Kestrel.Http2|Connection id "0HMVAFMELEBAD" received HEADERS frame for stream ID 9 with length 51 and flags END_STREAM, END_HEADERS, PRIORITY. 
2023-11-21 16:07:04.8911||TRACE|Microsoft.AspNetCore.Server.Kestrel.Http2|Connection id "0HMVAFMELEBAD" received PING frame for stream ID 0 with length 8 and flags NONE. 
2023-11-21 16:07:04.8911||INFO|Microsoft.AspNetCore.Hosting.Diagnostics|Request starting HTTP/2 GET https://localhost:7164/api/TrackHistory/GetTrackRunsFromNDCID - - 
2023-11-21 16:07:04.8911||TRACE|Microsoft.AspNetCore.Server.Kestrel.Http2|Connection id "0HMVAFMELEBAD" sending PING frame for stream ID 0 with length 8 and flags ACK. 
2023-11-21 16:07:04.8911||TRACE|Microsoft.AspNetCore.HostFiltering.HostFilteringMiddleware|All hosts are allowed. 
2023-11-21 16:07:04.9216||DEBUG|Microsoft.AspNetCore.Routing.Matching.DfaMatcher|1 candidate(s) found for the request path '/api/TrackHistory/GetTrackRunsFromNDCID' 
2023-11-21 16:07:04.9216||DEBUG|Microsoft.AspNetCore.Routing.Matching.DfaMatcher|Endpoint 'StorageCondition_API.Controllers.TrackHistory.GetTrackRunsFromNDCID (StorageCondition_API)' with route pattern 'api/TrackHistory/GetTrackRunsFromNDCID' is valid for the request path '/api/TrackHistory/GetTrackRunsFromNDCID' 
2023-11-21 16:07:04.9216||DEBUG|Microsoft.AspNetCore.Routing.EndpointRoutingMiddleware|Request matched endpoint 'StorageCondition_API.Controllers.TrackHistory.GetTrackRunsFromNDCID (StorageCondition_API)' 
2023-11-21 16:07:04.9216||DEBUG|Microsoft.AspNetCore.StaticFiles.StaticFileMiddleware|Static files was skipped as the request already matched an endpoint. 
2023-11-21 16:07:04.9216||INFO|Microsoft.AspNetCore.Routing.EndpointMiddleware|Executing endpoint 'StorageCondition_API.Controllers.TrackHistory.GetTrackRunsFromNDCID (StorageCondition_API)' 
2023-11-21 16:07:04.9776||INFO|Microsoft.AspNetCore.Mvc.Infrastructure.ControllerActionInvoker|Route matched with {action = "GetTrackRunsFromNDCID", controller = "TrackHistory"}. Executing controller action with signature System.Threading.Tasks.Task`1[Microsoft.AspNetCore.Mvc.IActionResult] GetTrackRunsFromNDCID(Int32, Int32, System.String, System.Nullable`1[System.DateTime], System.Nullable`1[System.DateTime]) on controller StorageCondition_API.Controllers.TrackHistory (StorageCondition_API). 
2023-11-21 16:07:04.9776||DEBUG|Microsoft.AspNetCore.Mvc.Infrastructure.ControllerActionInvoker|Execution plan of authorization filters (in the following order): None 
2023-11-21 16:07:04.9776||DEBUG|Microsoft.AspNetCore.Mvc.Infrastructure.ControllerActionInvoker|Execution plan of resource filters (in the following order): None 
2023-11-21 16:07:04.9776||DEBUG|Microsoft.AspNetCore.Mvc.Infrastructure.ControllerActionInvoker|Execution plan of action filters (in the following order): Microsoft.AspNetCore.Mvc.ModelBinding.UnsupportedContentTypeFilter (Order: -3000), Microsoft.AspNetCore.Mvc.Infrastructure.ModelStateInvalidFilter (Order: -2000) 
2023-11-21 16:07:04.9776||DEBUG|Microsoft.AspNetCore.Mvc.Infrastructure.ControllerActionInvoker|Execution plan of exception filters (in the following order): None 
2023-11-21 16:07:04.9776||DEBUG|Microsoft.AspNetCore.Mvc.Infrastructure.ControllerActionInvoker|Execution plan of result filters (in the following order): Microsoft.AspNetCore.Mvc.Infrastructure.ClientErrorResultFilter (Order: -2000) 
2023-11-21 16:07:04.9776||DEBUG|Microsoft.AspNetCore.Mvc.Infrastructure.ControllerActionInvoker|Executing controller factory for controller StorageCondition_API.Controllers.TrackHistory (StorageCondition_API) 
2023-11-21 16:07:05.0854||DEBUG|Microsoft.AspNetCore.Mvc.Infrastructure.ControllerActionInvoker|Executed controller factory for controller StorageCondition_API.Controllers.TrackHistory (StorageCondition_API) 
2023-11-21 16:07:05.1170||DEBUG|Microsoft.AspNetCore.Mvc.ModelBinding.ParameterBinder|Attempting to bind parameter 'pageIndex' of type 'System.Int32' ... 
2023-11-21 16:07:05.1170||DEBUG|Microsoft.AspNetCore.Mvc.ModelBinding.Binders.SimpleTypeModelBinder|Attempting to bind parameter 'pageIndex' of type 'System.Int32' using the name '' in request data ... 
2023-11-21 16:07:05.1170||DEBUG|Microsoft.AspNetCore.Mvc.ModelBinding.Binders.SimpleTypeModelBinder|Could not find a value in the request with name '' for binding parameter 'pageIndex' of type 'System.Int32'. 
2023-11-21 16:07:05.1170||DEBUG|Microsoft.AspNetCore.Mvc.ModelBinding.Binders.SimpleTypeModelBinder|Done attempting to bind parameter 'pageIndex' of type 'System.Int32'. 
2023-11-21 16:07:05.1170||DEBUG|Microsoft.AspNetCore.Mvc.ModelBinding.ParameterBinder|Done attempting to bind parameter 'pageIndex' of type 'System.Int32'. 
2023-11-21 16:07:05.1170||DEBUG|Microsoft.AspNetCore.Mvc.ModelBinding.ParameterBinder|Attempting to validate the bound parameter 'pageIndex' of type 'System.Int32' ... 
2023-11-21 16:07:05.1170||DEBUG|Microsoft.AspNetCore.Mvc.ModelBinding.ParameterBinder|Done attempting to validate the bound parameter 'pageIndex' of type 'System.Int32'. 
2023-11-21 16:07:05.1170||DEBUG|Microsoft.AspNetCore.Mvc.ModelBinding.ParameterBinder|Attempting to bind parameter 'numberOfRecPerPage' of type 'System.Int32' ... 
2023-11-21 16:07:05.1170||DEBUG|Microsoft.AspNetCore.Mvc.ModelBinding.Binders.SimpleTypeModelBinder|Attempting to bind parameter 'numberOfRecPerPage' of type 'System.Int32' using the name '' in request data ... 
2023-11-21 16:07:05.1170||DEBUG|Microsoft.AspNetCore.Mvc.ModelBinding.Binders.SimpleTypeModelBinder|Could not find a value in the request with name '' for binding parameter 'numberOfRecPerPage' of type 'System.Int32'. 
2023-11-21 16:07:05.1170||DEBUG|Microsoft.AspNetCore.Mvc.ModelBinding.Binders.SimpleTypeModelBinder|Done attempting to bind parameter 'numberOfRecPerPage' of type 'System.Int32'. 
2023-11-21 16:07:05.1170||DEBUG|Microsoft.AspNetCore.Mvc.ModelBinding.ParameterBinder|Done attempting to bind parameter 'numberOfRecPerPage' of type 'System.Int32'. 
2023-11-21 16:07:05.1170||DEBUG|Microsoft.AspNetCore.Mvc.ModelBinding.ParameterBinder|Attempting to validate the bound parameter 'numberOfRecPerPage' of type 'System.Int32' ... 
2023-11-21 16:07:05.1170||DEBUG|Microsoft.AspNetCore.Mvc.ModelBinding.ParameterBinder|Done attempting to validate the bound parameter 'numberOfRecPerPage' of type 'System.Int32'. 
2023-11-21 16:07:05.1170||DEBUG|Microsoft.AspNetCore.Mvc.ModelBinding.ParameterBinder|Attempting to bind parameter 'ndcId' of type 'System.String' ... 
2023-11-21 16:07:05.1170||DEBUG|Microsoft.AspNetCore.Mvc.ModelBinding.Binders.SimpleTypeModelBinder|Attempting to bind parameter 'ndcId' of type 'System.String' using the name '' in request data ... 
2023-11-21 16:07:05.1170||DEBUG|Microsoft.AspNetCore.Mvc.ModelBinding.Binders.SimpleTypeModelBinder|Could not find a value in the request with name '' for binding parameter 'ndcId' of type 'System.String'. 
2023-11-21 16:07:05.1170||DEBUG|Microsoft.AspNetCore.Mvc.ModelBinding.Binders.SimpleTypeModelBinder|Done attempting to bind parameter 'ndcId' of type 'System.String'. 
2023-11-21 16:07:05.1170||DEBUG|Microsoft.AspNetCore.Mvc.ModelBinding.ParameterBinder|Done attempting to bind parameter 'ndcId' of type 'System.String'. 
2023-11-21 16:07:05.1170||DEBUG|Microsoft.AspNetCore.Mvc.ModelBinding.ParameterBinder|Attempting to validate the bound parameter 'ndcId' of type 'System.String' ... 
2023-11-21 16:07:05.1170||DEBUG|Microsoft.AspNetCore.Mvc.ModelBinding.ParameterBinder|Done attempting to validate the bound parameter 'ndcId' of type 'System.String'. 
2023-11-21 16:07:05.1170||DEBUG|Microsoft.AspNetCore.Mvc.ModelBinding.ParameterBinder|Attempting to bind parameter 'startDate' of type 'System.Nullable`1[System.DateTime]' ... 
2023-11-21 16:07:05.1170||DEBUG|Microsoft.AspNetCore.Mvc.ModelBinding.Binders.DateTimeModelBinder|Attempting to bind parameter 'startDate' of type 'System.Nullable`1[System.DateTime]' using the name '' in request data ... 
2023-11-21 16:07:05.1170||DEBUG|Microsoft.AspNetCore.Mvc.ModelBinding.Binders.DateTimeModelBinder|Could not find a value in the request with name '' for binding parameter 'startDate' of type 'System.Nullable`1[System.DateTime]'. 
2023-11-21 16:07:05.1170||DEBUG|Microsoft.AspNetCore.Mvc.ModelBinding.Binders.DateTimeModelBinder|Done attempting to bind parameter 'startDate' of type 'System.Nullable`1[System.DateTime]'. 
2023-11-21 16:07:05.1170||DEBUG|Microsoft.AspNetCore.Mvc.ModelBinding.ParameterBinder|Done attempting to bind parameter 'startDate' of type 'System.Nullable`1[System.DateTime]'. 
2023-11-21 16:07:05.1170||DEBUG|Microsoft.AspNetCore.Mvc.ModelBinding.ParameterBinder|Attempting to validate the bound parameter 'startDate' of type 'System.Nullable`1[System.DateTime]' ... 
2023-11-21 16:07:05.1170||DEBUG|Microsoft.AspNetCore.Mvc.ModelBinding.ParameterBinder|Done attempting to validate the bound parameter 'startDate' of type 'System.Nullable`1[System.DateTime]'. 
2023-11-21 16:07:05.1170||DEBUG|Microsoft.AspNetCore.Mvc.ModelBinding.ParameterBinder|Attempting to bind parameter 'endDate' of type 'System.Nullable`1[System.DateTime]' ... 
2023-11-21 16:07:05.1170||DEBUG|Microsoft.AspNetCore.Mvc.ModelBinding.Binders.DateTimeModelBinder|Attempting to bind parameter 'endDate' of type 'System.Nullable`1[System.DateTime]' using the name '' in request data ... 
2023-11-21 16:07:05.1170||DEBUG|Microsoft.AspNetCore.Mvc.ModelBinding.Binders.DateTimeModelBinder|Could not find a value in the request with name '' for binding parameter 'endDate' of type 'System.Nullable`1[System.DateTime]'. 
2023-11-21 16:07:05.1170||DEBUG|Microsoft.AspNetCore.Mvc.ModelBinding.Binders.DateTimeModelBinder|Done attempting to bind parameter 'endDate' of type 'System.Nullable`1[System.DateTime]'. 
2023-11-21 16:07:05.1170||DEBUG|Microsoft.AspNetCore.Mvc.ModelBinding.ParameterBinder|Done attempting to bind parameter 'endDate' of type 'System.Nullable`1[System.DateTime]'. 
2023-11-21 16:07:05.1170||DEBUG|Microsoft.AspNetCore.Mvc.ModelBinding.ParameterBinder|Attempting to validate the bound parameter 'endDate' of type 'System.Nullable`1[System.DateTime]' ... 
2023-11-21 16:07:05.1170||DEBUG|Microsoft.AspNetCore.Mvc.ModelBinding.ParameterBinder|Done attempting to validate the bound parameter 'endDate' of type 'System.Nullable`1[System.DateTime]'. 
2023-11-21 16:07:05.1170||TRACE|Microsoft.AspNetCore.Mvc.Infrastructure.ControllerActionInvoker|Action Filter: Before executing OnActionExecuting on filter Microsoft.AspNetCore.Mvc.ModelBinding.UnsupportedContentTypeFilter. 
2023-11-21 16:07:05.1170||TRACE|Microsoft.AspNetCore.Mvc.Infrastructure.ControllerActionInvoker|Action Filter: After executing OnActionExecuting on filter Microsoft.AspNetCore.Mvc.ModelBinding.UnsupportedContentTypeFilter. 
2023-11-21 16:07:05.1170||TRACE|Microsoft.AspNetCore.Mvc.Infrastructure.ControllerActionInvoker|Action Filter: Before executing OnActionExecuting on filter Microsoft.AspNetCore.Mvc.Infrastructure.ModelStateInvalidFilter. 
2023-11-21 16:07:05.1170||TRACE|Microsoft.AspNetCore.Mvc.Infrastructure.ControllerActionInvoker|Action Filter: After executing OnActionExecuting on filter Microsoft.AspNetCore.Mvc.Infrastructure.ModelStateInvalidFilter. 
2023-11-21 16:07:05.1170||INFO|Microsoft.AspNetCore.Mvc.Infrastructure.ControllerActionInvoker|Executing action method StorageCondition_API.Controllers.TrackHistory.GetTrackRunsFromNDCID (StorageCondition_API) - Validation state: Valid 
2023-11-21 16:07:05.1170||TRACE|Microsoft.AspNetCore.Mvc.Infrastructure.ControllerActionInvoker|Executing action method StorageCondition_API.Controllers.TrackHistory.GetTrackRunsFromNDCID (StorageCondition_API) with arguments (0, 0, , , ) 
2023-11-21 16:07:30.5370||INFO|Microsoft.AspNetCore.Mvc.Infrastructure.ControllerActionInvoker|Executed action method StorageCondition_API.Controllers.TrackHistory.GetTrackRunsFromNDCID (StorageCondition_API), returned result Microsoft.AspNetCore.Mvc.OkObjectResult in 25398.7611ms. 
2023-11-21 16:07:30.5370||TRACE|Microsoft.AspNetCore.Mvc.Infrastructure.ControllerActionInvoker|Action Filter: Before executing OnActionExecuted on filter Microsoft.AspNetCore.Mvc.Infrastructure.ModelStateInvalidFilter. 
2023-11-21 16:07:30.5370||TRACE|Microsoft.AspNetCore.Mvc.Infrastructure.ControllerActionInvoker|Action Filter: After executing OnActionExecuted on filter Microsoft.AspNetCore.Mvc.Infrastructure.ModelStateInvalidFilter. 
2023-11-21 16:07:30.5370||TRACE|Microsoft.AspNetCore.Mvc.Infrastructure.ControllerActionInvoker|Action Filter: Before executing OnActionExecuted on filter Microsoft.AspNetCore.Mvc.ModelBinding.UnsupportedContentTypeFilter. 
2023-11-21 16:07:30.5370||TRACE|Microsoft.AspNetCore.Mvc.Infrastructure.ControllerActionInvoker|Action Filter: After executing OnActionExecuted on filter Microsoft.AspNetCore.Mvc.ModelBinding.UnsupportedContentTypeFilter. 
2023-11-21 16:07:30.5370||TRACE|Microsoft.AspNetCore.Mvc.Infrastructure.ControllerActionInvoker|Result Filter: Before executing OnResultExecuting on filter Microsoft.AspNetCore.Mvc.Infrastructure.ClientErrorResultFilter. 
2023-11-21 16:07:30.5370||TRACE|Microsoft.AspNetCore.Mvc.Infrastructure.ControllerActionInvoker|Result Filter: After executing OnResultExecuting on filter Microsoft.AspNetCore.Mvc.Infrastructure.ClientErrorResultFilter. 
2023-11-21 16:07:30.5370||TRACE|Microsoft.AspNetCore.Mvc.Infrastructure.ControllerActionInvoker|Before executing action result Microsoft.AspNetCore.Mvc.OkObjectResult. 
2023-11-21 16:07:30.5370||DEBUG|Microsoft.AspNetCore.Mvc.Infrastructure.DefaultOutputFormatterSelector|List of registered output formatters, in the following order: Microsoft.AspNetCore.Mvc.Formatters.HttpNoContentOutputFormatter, Microsoft.AspNetCore.Mvc.Formatters.StringOutputFormatter, Microsoft.AspNetCore.Mvc.Formatters.StreamOutputFormatter, Microsoft.AspNetCore.Mvc.Formatters.SystemTextJsonOutputFormatter 
2023-11-21 16:07:30.5370||DEBUG|Microsoft.AspNetCore.Mvc.Infrastructure.DefaultOutputFormatterSelector|No information found on request to perform content negotiation. 
2023-11-21 16:07:30.5370||DEBUG|Microsoft.AspNetCore.Mvc.Infrastructure.DefaultOutputFormatterSelector|Attempting to select an output formatter without using a content type as no explicit content types were specified for the response. 
2023-11-21 16:07:30.5370||DEBUG|Microsoft.AspNetCore.Mvc.Infrastructure.DefaultOutputFormatterSelector|Attempting to select the first formatter in the output formatters list which can write the result. 
2023-11-21 16:07:30.5370||DEBUG|Microsoft.AspNetCore.Mvc.Infrastructure.DefaultOutputFormatterSelector|Selected output formatter 'Microsoft.AspNetCore.Mvc.Formatters.SystemTextJsonOutputFormatter' and content type 'application/json' to write the response. 
2023-11-21 16:07:30.5370||INFO|Microsoft.AspNetCore.Mvc.Infrastructure.ObjectResultExecutor|Executing OkObjectResult, writing value of type 'System.Collections.Generic.List`1[[StorageCondition_API.Model.TrackRun, StorageCondition_API, Version=1.0.0.0, Culture=neutral, PublicKeyToken=null]]'. 
2023-11-21 16:07:30.5556||TRACE|Microsoft.AspNetCore.Server.Kestrel.Http2|Connection id "0HMVAFMELEBAD" sending HEADERS frame for stream ID 9 with length 66 and flags END_HEADERS. 
2023-11-21 16:07:30.5556||TRACE|Microsoft.AspNetCore.Server.Kestrel.Http2|Connection id "0HMVAFMELEBAD" sending DATA frame for stream ID 9 with length 2 and flags NONE. 
2023-11-21 16:07:30.5556||TRACE|Microsoft.AspNetCore.Mvc.Infrastructure.ControllerActionInvoker|After executing action result Microsoft.AspNetCore.Mvc.OkObjectResult. 
2023-11-21 16:07:30.5556||TRACE|Microsoft.AspNetCore.Mvc.Infrastructure.ControllerActionInvoker|Result Filter: Before executing OnResultExecuted on filter Microsoft.AspNetCore.Mvc.Infrastructure.ClientErrorResultFilter. 
2023-11-21 16:07:30.5556||TRACE|Microsoft.AspNetCore.Mvc.Infrastructure.ControllerActionInvoker|Result Filter: After executing OnResultExecuted on filter Microsoft.AspNetCore.Mvc.Infrastructure.ClientErrorResultFilter. 
2023-11-21 16:07:30.5556||TRACE|Microsoft.AspNetCore.Server.Kestrel.Http2|Connection id "0HMVAFMELEBAD" received WINDOW_UPDATE frame for stream ID 0 with length 4 and flags 0x0. 
2023-11-21 16:07:30.5556||TRACE|Microsoft.AspNetCore.Server.Kestrel.Http2|Connection id "0HMVAFMELEBAD" received WINDOW_UPDATE frame for stream ID 9 with length 4 and flags 0x0. 
2023-11-21 16:07:30.5556||INFO|Microsoft.AspNetCore.Mvc.Infrastructure.ControllerActionInvoker|Executed action StorageCondition_API.Controllers.TrackHistory.GetTrackRunsFromNDCID (StorageCondition_API) in 25578.4254ms 
2023-11-21 16:07:30.5556||INFO|Microsoft.AspNetCore.Routing.EndpointMiddleware|Executed endpoint 'StorageCondition_API.Controllers.TrackHistory.GetTrackRunsFromNDCID (StorageCondition_API)' 
2023-11-21 16:07:30.5556||TRACE|Microsoft.AspNetCore.Server.Kestrel.Http2|Connection id "0HMVAFMELEBAD" sending DATA frame for stream ID 9 with length 0 and flags END_STREAM. 
2023-11-21 16:07:30.5556||INFO|Microsoft.AspNetCore.Hosting.Diagnostics|Request finished HTTP/2 GET https://localhost:7164/api/TrackHistory/GetTrackRunsFromNDCID - - - 200 - application/json;+charset=utf-8 25668.3637ms 
2023-11-21 16:08:46.6466||TRACE|Microsoft.AspNetCore.Server.Kestrel.Http2|Connection id "0HMVAFMELEBAD" received HEADERS frame for stream ID 11 with length 97 and flags END_STREAM, END_HEADERS, PRIORITY. 
2023-11-21 16:08:46.6466||TRACE|Microsoft.AspNetCore.Server.Kestrel.Http2|Connection id "0HMVAFMELEBAD" received PING frame for stream ID 0 with length 8 and flags NONE. 
2023-11-21 16:08:46.6466||TRACE|Microsoft.AspNetCore.Server.Kestrel.Http2|Connection id "0HMVAFMELEBAD" sending PING frame for stream ID 0 with length 8 and flags ACK. 
2023-11-21 16:08:46.6466||INFO|Microsoft.AspNetCore.Hosting.Diagnostics|Request starting HTTP/2 GET https://localhost:7164/api/TrackHistory/GetTrackRunsFromNDCID?pageIndex=0&numberOfRecPerPage=0&ndcId=0&startDate=0&endDate=0 - - 
2023-11-21 16:08:46.6466||TRACE|Microsoft.AspNetCore.HostFiltering.HostFilteringMiddleware|All hosts are allowed. 
2023-11-21 16:08:46.6623||DEBUG|Microsoft.AspNetCore.Routing.Matching.DfaMatcher|1 candidate(s) found for the request path '/api/TrackHistory/GetTrackRunsFromNDCID' 
2023-11-21 16:08:46.6623||DEBUG|Microsoft.AspNetCore.Routing.Matching.DfaMatcher|Endpoint 'StorageCondition_API.Controllers.TrackHistory.GetTrackRunsFromNDCID (StorageCondition_API)' with route pattern 'api/TrackHistory/GetTrackRunsFromNDCID' is valid for the request path '/api/TrackHistory/GetTrackRunsFromNDCID' 
2023-11-21 16:08:46.6623||DEBUG|Microsoft.AspNetCore.Routing.EndpointRoutingMiddleware|Request matched endpoint 'StorageCondition_API.Controllers.TrackHistory.GetTrackRunsFromNDCID (StorageCondition_API)' 
2023-11-21 16:08:46.6623||DEBUG|Microsoft.AspNetCore.StaticFiles.StaticFileMiddleware|Static files was skipped as the request already matched an endpoint. 
2023-11-21 16:08:46.6623||INFO|Microsoft.AspNetCore.Routing.EndpointMiddleware|Executing endpoint 'StorageCondition_API.Controllers.TrackHistory.GetTrackRunsFromNDCID (StorageCondition_API)' 
2023-11-21 16:08:46.6623||INFO|Microsoft.AspNetCore.Mvc.Infrastructure.ControllerActionInvoker|Route matched with {action = "GetTrackRunsFromNDCID", controller = "TrackHistory"}. Executing controller action with signature System.Threading.Tasks.Task`1[Microsoft.AspNetCore.Mvc.IActionResult] GetTrackRunsFromNDCID(Int32, Int32, System.String, System.Nullable`1[System.DateTime], System.Nullable`1[System.DateTime]) on controller StorageCondition_API.Controllers.TrackHistory (StorageCondition_API). 
2023-11-21 16:08:46.6623||DEBUG|Microsoft.AspNetCore.Mvc.Infrastructure.ControllerActionInvoker|Execution plan of authorization filters (in the following order): None 
2023-11-21 16:08:46.6623||DEBUG|Microsoft.AspNetCore.Mvc.Infrastructure.ControllerActionInvoker|Execution plan of resource filters (in the following order): None 
2023-11-21 16:08:46.6623||DEBUG|Microsoft.AspNetCore.Mvc.Infrastructure.ControllerActionInvoker|Execution plan of action filters (in the following order): Microsoft.AspNetCore.Mvc.ModelBinding.UnsupportedContentTypeFilter (Order: -3000), Microsoft.AspNetCore.Mvc.Infrastructure.ModelStateInvalidFilter (Order: -2000) 
2023-11-21 16:08:46.6623||DEBUG|Microsoft.AspNetCore.Mvc.Infrastructure.ControllerActionInvoker|Execution plan of exception filters (in the following order): None 
2023-11-21 16:08:46.6623||DEBUG|Microsoft.AspNetCore.Mvc.Infrastructure.ControllerActionInvoker|Execution plan of result filters (in the following order): Microsoft.AspNetCore.Mvc.Infrastructure.ClientErrorResultFilter (Order: -2000) 
2023-11-21 16:08:46.6623||DEBUG|Microsoft.AspNetCore.Mvc.Infrastructure.ControllerActionInvoker|Executing controller factory for controller StorageCondition_API.Controllers.TrackHistory (StorageCondition_API) 
2023-11-21 16:08:46.6623||DEBUG|Microsoft.AspNetCore.Mvc.Infrastructure.ControllerActionInvoker|Executed controller factory for controller StorageCondition_API.Controllers.TrackHistory (StorageCondition_API) 
2023-11-21 16:08:46.6623||DEBUG|Microsoft.AspNetCore.Mvc.ModelBinding.ParameterBinder|Attempting to bind parameter 'pageIndex' of type 'System.Int32' ... 
2023-11-21 16:08:46.6720||DEBUG|Microsoft.AspNetCore.Mvc.ModelBinding.Binders.SimpleTypeModelBinder|Attempting to bind parameter 'pageIndex' of type 'System.Int32' using the name 'pageIndex' in request data ... 
2023-11-21 16:08:46.6720||DEBUG|Microsoft.AspNetCore.Mvc.ModelBinding.Binders.SimpleTypeModelBinder|Done attempting to bind parameter 'pageIndex' of type 'System.Int32'. 
2023-11-21 16:08:46.6720||DEBUG|Microsoft.AspNetCore.Mvc.ModelBinding.ParameterBinder|Done attempting to bind parameter 'pageIndex' of type 'System.Int32'. 
2023-11-21 16:08:46.6720||DEBUG|Microsoft.AspNetCore.Mvc.ModelBinding.ParameterBinder|Attempting to validate the bound parameter 'pageIndex' of type 'System.Int32' ... 
2023-11-21 16:08:46.6720||DEBUG|Microsoft.AspNetCore.Mvc.ModelBinding.ParameterBinder|Done attempting to validate the bound parameter 'pageIndex' of type 'System.Int32'. 
2023-11-21 16:08:46.6720||DEBUG|Microsoft.AspNetCore.Mvc.ModelBinding.ParameterBinder|Attempting to bind parameter 'numberOfRecPerPage' of type 'System.Int32' ... 
2023-11-21 16:08:46.6720||DEBUG|Microsoft.AspNetCore.Mvc.ModelBinding.Binders.SimpleTypeModelBinder|Attempting to bind parameter 'numberOfRecPerPage' of type 'System.Int32' using the name 'numberOfRecPerPage' in request data ... 
2023-11-21 16:08:46.6720||DEBUG|Microsoft.AspNetCore.Mvc.ModelBinding.Binders.SimpleTypeModelBinder|Done attempting to bind parameter 'numberOfRecPerPage' of type 'System.Int32'. 
2023-11-21 16:08:46.6720||DEBUG|Microsoft.AspNetCore.Mvc.ModelBinding.ParameterBinder|Done attempting to bind parameter 'numberOfRecPerPage' of type 'System.Int32'. 
2023-11-21 16:08:46.6720||DEBUG|Microsoft.AspNetCore.Mvc.ModelBinding.ParameterBinder|Attempting to validate the bound parameter 'numberOfRecPerPage' of type 'System.Int32' ... 
2023-11-21 16:08:46.6720||DEBUG|Microsoft.AspNetCore.Mvc.ModelBinding.ParameterBinder|Done attempting to validate the bound parameter 'numberOfRecPerPage' of type 'System.Int32'. 
2023-11-21 16:08:46.6720||DEBUG|Microsoft.AspNetCore.Mvc.ModelBinding.ParameterBinder|Attempting to bind parameter 'ndcId' of type 'System.String' ... 
2023-11-21 16:08:46.6720||DEBUG|Microsoft.AspNetCore.Mvc.ModelBinding.Binders.SimpleTypeModelBinder|Attempting to bind parameter 'ndcId' of type 'System.String' using the name 'ndcId' in request data ... 
2023-11-21 16:08:46.6720||DEBUG|Microsoft.AspNetCore.Mvc.ModelBinding.Binders.SimpleTypeModelBinder|Done attempting to bind parameter 'ndcId' of type 'System.String'. 
2023-11-21 16:08:46.6720||DEBUG|Microsoft.AspNetCore.Mvc.ModelBinding.ParameterBinder|Done attempting to bind parameter 'ndcId' of type 'System.String'. 
2023-11-21 16:08:46.6720||DEBUG|Microsoft.AspNetCore.Mvc.ModelBinding.ParameterBinder|Attempting to validate the bound parameter 'ndcId' of type 'System.String' ... 
2023-11-21 16:08:46.6720||DEBUG|Microsoft.AspNetCore.Mvc.ModelBinding.ParameterBinder|Done attempting to validate the bound parameter 'ndcId' of type 'System.String'. 
2023-11-21 16:08:46.6720||DEBUG|Microsoft.AspNetCore.Mvc.ModelBinding.ParameterBinder|Attempting to bind parameter 'startDate' of type 'System.Nullable`1[System.DateTime]' ... 
2023-11-21 16:08:46.6720||DEBUG|Microsoft.AspNetCore.Mvc.ModelBinding.Binders.DateTimeModelBinder|Attempting to bind parameter 'startDate' of type 'System.Nullable`1[System.DateTime]' using the name 'startDate' in request data ... 
2023-11-21 16:08:46.6720||DEBUG|Microsoft.AspNetCore.Mvc.ModelBinding.Binders.DateTimeModelBinder|Done attempting to bind parameter 'startDate' of type 'System.Nullable`1[System.DateTime]'. 
2023-11-21 16:08:46.6720||DEBUG|Microsoft.AspNetCore.Mvc.ModelBinding.ParameterBinder|Done attempting to bind parameter 'startDate' of type 'System.Nullable`1[System.DateTime]'. 
2023-11-21 16:08:46.6720||DEBUG|Microsoft.AspNetCore.Mvc.ModelBinding.ParameterBinder|Attempting to validate the bound parameter 'startDate' of type 'System.Nullable`1[System.DateTime]' ... 
2023-11-21 16:08:46.6720||DEBUG|Microsoft.AspNetCore.Mvc.ModelBinding.ParameterBinder|Done attempting to validate the bound parameter 'startDate' of type 'System.Nullable`1[System.DateTime]'. 
2023-11-21 16:08:46.6720||DEBUG|Microsoft.AspNetCore.Mvc.ModelBinding.ParameterBinder|Attempting to bind parameter 'endDate' of type 'System.Nullable`1[System.DateTime]' ... 
2023-11-21 16:08:46.6720||DEBUG|Microsoft.AspNetCore.Mvc.ModelBinding.Binders.DateTimeModelBinder|Attempting to bind parameter 'endDate' of type 'System.Nullable`1[System.DateTime]' using the name 'endDate' in request data ... 
2023-11-21 16:08:46.6720||DEBUG|Microsoft.AspNetCore.Mvc.ModelBinding.Binders.DateTimeModelBinder|Done attempting to bind parameter 'endDate' of type 'System.Nullable`1[System.DateTime]'. 
2023-11-21 16:08:46.6720||DEBUG|Microsoft.AspNetCore.Mvc.ModelBinding.ParameterBinder|Done attempting to bind parameter 'endDate' of type 'System.Nullable`1[System.DateTime]'. 
2023-11-21 16:08:46.6720||DEBUG|Microsoft.AspNetCore.Mvc.ModelBinding.ParameterBinder|Attempting to validate the bound parameter 'endDate' of type 'System.Nullable`1[System.DateTime]' ... 
2023-11-21 16:08:46.6720||DEBUG|Microsoft.AspNetCore.Mvc.ModelBinding.ParameterBinder|Done attempting to validate the bound parameter 'endDate' of type 'System.Nullable`1[System.DateTime]'. 
2023-11-21 16:08:46.6720||TRACE|Microsoft.AspNetCore.Mvc.Infrastructure.ControllerActionInvoker|Action Filter: Before executing OnActionExecuting on filter Microsoft.AspNetCore.Mvc.ModelBinding.UnsupportedContentTypeFilter. 
2023-11-21 16:08:46.6720||TRACE|Microsoft.AspNetCore.Mvc.Infrastructure.ControllerActionInvoker|Action Filter: After executing OnActionExecuting on filter Microsoft.AspNetCore.Mvc.ModelBinding.UnsupportedContentTypeFilter. 
2023-11-21 16:08:46.6720||TRACE|Microsoft.AspNetCore.Mvc.Infrastructure.ControllerActionInvoker|Action Filter: Before executing OnActionExecuting on filter Microsoft.AspNetCore.Mvc.Infrastructure.ModelStateInvalidFilter. 
2023-11-21 16:08:46.6720||DEBUG|Microsoft.AspNetCore.Mvc.Infrastructure.ModelStateInvalidFilter|The request has model state errors, returning an error response. 
2023-11-21 16:08:46.6720||TRACE|Microsoft.AspNetCore.Mvc.Infrastructure.ControllerActionInvoker|Action Filter: After executing OnActionExecuting on filter Microsoft.AspNetCore.Mvc.Infrastructure.ModelStateInvalidFilter. 
2023-11-21 16:08:46.6720||DEBUG|Microsoft.AspNetCore.Mvc.Infrastructure.ControllerActionInvoker|Request was short circuited at action filter 'Microsoft.AspNetCore.Mvc.Infrastructure.ModelStateInvalidFilter'. 
2023-11-21 16:08:46.6720||TRACE|Microsoft.AspNetCore.Mvc.Infrastructure.ControllerActionInvoker|Action Filter: Before executing OnActionExecuted on filter Microsoft.AspNetCore.Mvc.ModelBinding.UnsupportedContentTypeFilter. 
2023-11-21 16:08:46.6720||TRACE|Microsoft.AspNetCore.Mvc.Infrastructure.ControllerActionInvoker|Action Filter: After executing OnActionExecuted on filter Microsoft.AspNetCore.Mvc.ModelBinding.UnsupportedContentTypeFilter. 
2023-11-21 16:08:46.6720||TRACE|Microsoft.AspNetCore.Mvc.Infrastructure.ControllerActionInvoker|Result Filter: Before executing OnResultExecuting on filter Microsoft.AspNetCore.Mvc.Infrastructure.ClientErrorResultFilter. 
2023-11-21 16:08:46.6720||TRACE|Microsoft.AspNetCore.Mvc.Infrastructure.ControllerActionInvoker|Result Filter: After executing OnResultExecuting on filter Microsoft.AspNetCore.Mvc.Infrastructure.ClientErrorResultFilter. 
2023-11-21 16:08:46.6720||TRACE|Microsoft.AspNetCore.Mvc.Infrastructure.ControllerActionInvoker|Before executing action result Microsoft.AspNetCore.Mvc.BadRequestObjectResult. 
2023-11-21 16:08:46.6720||DEBUG|Microsoft.AspNetCore.Mvc.Infrastructure.DefaultOutputFormatterSelector|List of registered output formatters, in the following order: Microsoft.AspNetCore.Mvc.Formatters.HttpNoContentOutputFormatter, Microsoft.AspNetCore.Mvc.Formatters.StringOutputFormatter, Microsoft.AspNetCore.Mvc.Formatters.StreamOutputFormatter, Microsoft.AspNetCore.Mvc.Formatters.SystemTextJsonOutputFormatter 
2023-11-21 16:08:46.6720||DEBUG|Microsoft.AspNetCore.Mvc.Infrastructure.DefaultOutputFormatterSelector|No information found on request to perform content negotiation. 
2023-11-21 16:08:46.6720||DEBUG|Microsoft.AspNetCore.Mvc.Infrastructure.DefaultOutputFormatterSelector|Attempting to select the first output formatter in the output formatters list which supports a content type from the explicitly specified content types 'application/problem+json, application/problem+xml, application/problem+json, application/problem+xml'. 
2023-11-21 16:08:46.6720||DEBUG|Microsoft.AspNetCore.Mvc.Infrastructure.DefaultOutputFormatterSelector|Selected output formatter 'Microsoft.AspNetCore.Mvc.Formatters.SystemTextJsonOutputFormatter' and content type 'application/problem+json' to write the response. 
2023-11-21 16:08:46.6720||INFO|Microsoft.AspNetCore.Mvc.Infrastructure.ObjectResultExecutor|Executing BadRequestObjectResult, writing value of type 'Microsoft.AspNetCore.Mvc.ValidationProblemDetails'. 
2023-11-21 16:08:46.6863||TRACE|Microsoft.AspNetCore.Server.Kestrel.Http2|Connection id "0HMVAFMELEBAD" sending HEADERS frame for stream ID 11 with length 74 and flags END_HEADERS. 
2023-11-21 16:08:46.6863||TRACE|Microsoft.AspNetCore.Server.Kestrel.Http2|Connection id "0HMVAFMELEBAD" sending DATA frame for stream ID 11 with length 288 and flags NONE. 
2023-11-21 16:08:46.6863||TRACE|Microsoft.AspNetCore.Mvc.Infrastructure.ControllerActionInvoker|After executing action result Microsoft.AspNetCore.Mvc.BadRequestObjectResult. 
2023-11-21 16:08:46.6863||TRACE|Microsoft.AspNetCore.Mvc.Infrastructure.ControllerActionInvoker|Result Filter: Before executing OnResultExecuted on filter Microsoft.AspNetCore.Mvc.Infrastructure.ClientErrorResultFilter. 
2023-11-21 16:08:46.6863||TRACE|Microsoft.AspNetCore.Mvc.Infrastructure.ControllerActionInvoker|Result Filter: After executing OnResultExecuted on filter Microsoft.AspNetCore.Mvc.Infrastructure.ClientErrorResultFilter. 
2023-11-21 16:08:46.6863||INFO|Microsoft.AspNetCore.Mvc.Infrastructure.ControllerActionInvoker|Executed action StorageCondition_API.Controllers.TrackHistory.GetTrackRunsFromNDCID (StorageCondition_API) in 23.7872ms 
2023-11-21 16:08:46.6863||INFO|Microsoft.AspNetCore.Routing.EndpointMiddleware|Executed endpoint 'StorageCondition_API.Controllers.TrackHistory.GetTrackRunsFromNDCID (StorageCondition_API)' 
2023-11-21 16:08:46.6863||TRACE|Microsoft.AspNetCore.Server.Kestrel.Http2|Connection id "0HMVAFMELEBAD" sending DATA frame for stream ID 11 with length 0 and flags END_STREAM. 
2023-11-21 16:08:46.6863||INFO|Microsoft.AspNetCore.Hosting.Diagnostics|Request finished HTTP/2 GET https://localhost:7164/api/TrackHistory/GetTrackRunsFromNDCID?pageIndex=0&numberOfRecPerPage=0&ndcId=0&startDate=0&endDate=0 - - - 400 - application/problem+json;+charset=utf-8 36.6923ms 
2023-11-21 16:08:46.6863||TRACE|Microsoft.AspNetCore.Server.Kestrel.Http2|Connection id "0HMVAFMELEBAD" received WINDOW_UPDATE frame for stream ID 0 with length 4 and flags 0x0. 
2023-11-21 16:10:50.6322||TRACE|Microsoft.AspNetCore.Server.Kestrel.Http2|Connection id "0HMVAFMELEBAD" received HEADERS frame for stream ID 13 with length 97 and flags END_STREAM, END_HEADERS, PRIORITY. 
2023-11-21 16:10:50.6322||TRACE|Microsoft.AspNetCore.Server.Kestrel.Http2|Connection id "0HMVAFMELEBAD" received PING frame for stream ID 0 with length 8 and flags NONE. 
2023-11-21 16:10:50.6322||INFO|Microsoft.AspNetCore.Hosting.Diagnostics|Request starting HTTP/2 GET https://localhost:7164/api/TrackHistory/GetTrackRunsFromNDCID?pageIndex=0&numberOfRecPerPage=0&ndcId=0&startDate=0&endDate=0 - - 
2023-11-21 16:10:50.6322||TRACE|Microsoft.AspNetCore.Server.Kestrel.Http2|Connection id "0HMVAFMELEBAD" sending PING frame for stream ID 0 with length 8 and flags ACK. 
2023-11-21 16:10:50.6322||TRACE|Microsoft.AspNetCore.HostFiltering.HostFilteringMiddleware|All hosts are allowed. 
2023-11-21 16:10:50.6322||DEBUG|Microsoft.AspNetCore.Routing.Matching.DfaMatcher|1 candidate(s) found for the request path '/api/TrackHistory/GetTrackRunsFromNDCID' 
2023-11-21 16:10:50.6322||DEBUG|Microsoft.AspNetCore.Routing.Matching.DfaMatcher|Endpoint 'StorageCondition_API.Controllers.TrackHistory.GetTrackRunsFromNDCID (StorageCondition_API)' with route pattern 'api/TrackHistory/GetTrackRunsFromNDCID' is valid for the request path '/api/TrackHistory/GetTrackRunsFromNDCID' 
2023-11-21 16:10:50.6322||DEBUG|Microsoft.AspNetCore.Routing.EndpointRoutingMiddleware|Request matched endpoint 'StorageCondition_API.Controllers.TrackHistory.GetTrackRunsFromNDCID (StorageCondition_API)' 
2023-11-21 16:10:50.6322||DEBUG|Microsoft.AspNetCore.StaticFiles.StaticFileMiddleware|Static files was skipped as the request already matched an endpoint. 
2023-11-21 16:10:50.6322||INFO|Microsoft.AspNetCore.Routing.EndpointMiddleware|Executing endpoint 'StorageCondition_API.Controllers.TrackHistory.GetTrackRunsFromNDCID (StorageCondition_API)' 
2023-11-21 16:10:50.6322||INFO|Microsoft.AspNetCore.Mvc.Infrastructure.ControllerActionInvoker|Route matched with {action = "GetTrackRunsFromNDCID", controller = "TrackHistory"}. Executing controller action with signature System.Threading.Tasks.Task`1[Microsoft.AspNetCore.Mvc.IActionResult] GetTrackRunsFromNDCID(Int32, Int32, System.String, System.Nullable`1[System.DateTime], System.Nullable`1[System.DateTime]) on controller StorageCondition_API.Controllers.TrackHistory (StorageCondition_API). 
2023-11-21 16:10:50.6322||DEBUG|Microsoft.AspNetCore.Mvc.Infrastructure.ControllerActionInvoker|Execution plan of authorization filters (in the following order): None 
2023-11-21 16:10:50.6322||DEBUG|Microsoft.AspNetCore.Mvc.Infrastructure.ControllerActionInvoker|Execution plan of resource filters (in the following order): None 
2023-11-21 16:10:50.6322||DEBUG|Microsoft.AspNetCore.Mvc.Infrastructure.ControllerActionInvoker|Execution plan of action filters (in the following order): Microsoft.AspNetCore.Mvc.ModelBinding.UnsupportedContentTypeFilter (Order: -3000), Microsoft.AspNetCore.Mvc.Infrastructure.ModelStateInvalidFilter (Order: -2000) 
2023-11-21 16:10:50.6322||DEBUG|Microsoft.AspNetCore.Mvc.Infrastructure.ControllerActionInvoker|Execution plan of exception filters (in the following order): None 
2023-11-21 16:10:50.6322||DEBUG|Microsoft.AspNetCore.Mvc.Infrastructure.ControllerActionInvoker|Execution plan of result filters (in the following order): Microsoft.AspNetCore.Mvc.Infrastructure.ClientErrorResultFilter (Order: -2000) 
2023-11-21 16:10:50.6322||DEBUG|Microsoft.AspNetCore.Mvc.Infrastructure.ControllerActionInvoker|Executing controller factory for controller StorageCondition_API.Controllers.TrackHistory (StorageCondition_API) 
2023-11-21 16:10:50.6511||DEBUG|Microsoft.AspNetCore.Mvc.Infrastructure.ControllerActionInvoker|Executed controller factory for controller StorageCondition_API.Controllers.TrackHistory (StorageCondition_API) 
2023-11-21 16:10:50.6511||DEBUG|Microsoft.AspNetCore.Mvc.ModelBinding.ParameterBinder|Attempting to bind parameter 'pageIndex' of type 'System.Int32' ... 
2023-11-21 16:10:50.6511||DEBUG|Microsoft.AspNetCore.Mvc.ModelBinding.Binders.SimpleTypeModelBinder|Attempting to bind parameter 'pageIndex' of type 'System.Int32' using the name 'pageIndex' in request data ... 
2023-11-21 16:10:50.6511||DEBUG|Microsoft.AspNetCore.Mvc.ModelBinding.Binders.SimpleTypeModelBinder|Done attempting to bind parameter 'pageIndex' of type 'System.Int32'. 
2023-11-21 16:10:50.6511||DEBUG|Microsoft.AspNetCore.Mvc.ModelBinding.ParameterBinder|Done attempting to bind parameter 'pageIndex' of type 'System.Int32'. 
2023-11-21 16:10:50.6511||DEBUG|Microsoft.AspNetCore.Mvc.ModelBinding.ParameterBinder|Attempting to validate the bound parameter 'pageIndex' of type 'System.Int32' ... 
2023-11-21 16:10:50.6511||DEBUG|Microsoft.AspNetCore.Mvc.ModelBinding.ParameterBinder|Done attempting to validate the bound parameter 'pageIndex' of type 'System.Int32'. 
2023-11-21 16:10:50.6511||DEBUG|Microsoft.AspNetCore.Mvc.ModelBinding.ParameterBinder|Attempting to bind parameter 'numberOfRecPerPage' of type 'System.Int32' ... 
2023-11-21 16:10:50.6511||DEBUG|Microsoft.AspNetCore.Mvc.ModelBinding.Binders.SimpleTypeModelBinder|Attempting to bind parameter 'numberOfRecPerPage' of type 'System.Int32' using the name 'numberOfRecPerPage' in request data ... 
2023-11-21 16:10:50.6511||DEBUG|Microsoft.AspNetCore.Mvc.ModelBinding.Binders.SimpleTypeModelBinder|Done attempting to bind parameter 'numberOfRecPerPage' of type 'System.Int32'. 
2023-11-21 16:10:50.6511||DEBUG|Microsoft.AspNetCore.Mvc.ModelBinding.ParameterBinder|Done attempting to bind parameter 'numberOfRecPerPage' of type 'System.Int32'. 
2023-11-21 16:10:50.6511||DEBUG|Microsoft.AspNetCore.Mvc.ModelBinding.ParameterBinder|Attempting to validate the bound parameter 'numberOfRecPerPage' of type 'System.Int32' ... 
2023-11-21 16:10:50.6511||DEBUG|Microsoft.AspNetCore.Mvc.ModelBinding.ParameterBinder|Done attempting to validate the bound parameter 'numberOfRecPerPage' of type 'System.Int32'. 
2023-11-21 16:10:50.6511||DEBUG|Microsoft.AspNetCore.Mvc.ModelBinding.ParameterBinder|Attempting to bind parameter 'ndcId' of type 'System.String' ... 
2023-11-21 16:10:50.6511||DEBUG|Microsoft.AspNetCore.Mvc.ModelBinding.Binders.SimpleTypeModelBinder|Attempting to bind parameter 'ndcId' of type 'System.String' using the name 'ndcId' in request data ... 
2023-11-21 16:10:50.6511||DEBUG|Microsoft.AspNetCore.Mvc.ModelBinding.Binders.SimpleTypeModelBinder|Done attempting to bind parameter 'ndcId' of type 'System.String'. 
2023-11-21 16:10:50.6511||DEBUG|Microsoft.AspNetCore.Mvc.ModelBinding.ParameterBinder|Done attempting to bind parameter 'ndcId' of type 'System.String'. 
2023-11-21 16:10:50.6511||DEBUG|Microsoft.AspNetCore.Mvc.ModelBinding.ParameterBinder|Attempting to validate the bound parameter 'ndcId' of type 'System.String' ... 
2023-11-21 16:10:50.6511||DEBUG|Microsoft.AspNetCore.Mvc.ModelBinding.ParameterBinder|Done attempting to validate the bound parameter 'ndcId' of type 'System.String'. 
2023-11-21 16:10:50.6511||DEBUG|Microsoft.AspNetCore.Mvc.ModelBinding.ParameterBinder|Attempting to bind parameter 'startDate' of type 'System.Nullable`1[System.DateTime]' ... 
2023-11-21 16:10:50.6511||DEBUG|Microsoft.AspNetCore.Mvc.ModelBinding.Binders.DateTimeModelBinder|Attempting to bind parameter 'startDate' of type 'System.Nullable`1[System.DateTime]' using the name 'startDate' in request data ... 
2023-11-21 16:10:50.6511||DEBUG|Microsoft.AspNetCore.Mvc.ModelBinding.Binders.DateTimeModelBinder|Done attempting to bind parameter 'startDate' of type 'System.Nullable`1[System.DateTime]'. 
2023-11-21 16:10:50.6511||DEBUG|Microsoft.AspNetCore.Mvc.ModelBinding.ParameterBinder|Done attempting to bind parameter 'startDate' of type 'System.Nullable`1[System.DateTime]'. 
2023-11-21 16:10:50.6511||DEBUG|Microsoft.AspNetCore.Mvc.ModelBinding.ParameterBinder|Attempting to validate the bound parameter 'startDate' of type 'System.Nullable`1[System.DateTime]' ... 
2023-11-21 16:10:50.6511||DEBUG|Microsoft.AspNetCore.Mvc.ModelBinding.ParameterBinder|Done attempting to validate the bound parameter 'startDate' of type 'System.Nullable`1[System.DateTime]'. 
2023-11-21 16:10:50.6511||DEBUG|Microsoft.AspNetCore.Mvc.ModelBinding.ParameterBinder|Attempting to bind parameter 'endDate' of type 'System.Nullable`1[System.DateTime]' ... 
2023-11-21 16:10:50.6511||DEBUG|Microsoft.AspNetCore.Mvc.ModelBinding.Binders.DateTimeModelBinder|Attempting to bind parameter 'endDate' of type 'System.Nullable`1[System.DateTime]' using the name 'endDate' in request data ... 
2023-11-21 16:10:50.6511||DEBUG|Microsoft.AspNetCore.Mvc.ModelBinding.Binders.DateTimeModelBinder|Done attempting to bind parameter 'endDate' of type 'System.Nullable`1[System.DateTime]'. 
2023-11-21 16:10:50.6511||DEBUG|Microsoft.AspNetCore.Mvc.ModelBinding.ParameterBinder|Done attempting to bind parameter 'endDate' of type 'System.Nullable`1[System.DateTime]'. 
2023-11-21 16:10:50.6511||DEBUG|Microsoft.AspNetCore.Mvc.ModelBinding.ParameterBinder|Attempting to validate the bound parameter 'endDate' of type 'System.Nullable`1[System.DateTime]' ... 
2023-11-21 16:10:50.6511||DEBUG|Microsoft.AspNetCore.Mvc.ModelBinding.ParameterBinder|Done attempting to validate the bound parameter 'endDate' of type 'System.Nullable`1[System.DateTime]'. 
2023-11-21 16:10:50.6511||TRACE|Microsoft.AspNetCore.Mvc.Infrastructure.ControllerActionInvoker|Action Filter: Before executing OnActionExecuting on filter Microsoft.AspNetCore.Mvc.ModelBinding.UnsupportedContentTypeFilter. 
2023-11-21 16:10:50.6511||TRACE|Microsoft.AspNetCore.Mvc.Infrastructure.ControllerActionInvoker|Action Filter: After executing OnActionExecuting on filter Microsoft.AspNetCore.Mvc.ModelBinding.UnsupportedContentTypeFilter. 
2023-11-21 16:10:50.6511||TRACE|Microsoft.AspNetCore.Mvc.Infrastructure.ControllerActionInvoker|Action Filter: Before executing OnActionExecuting on filter Microsoft.AspNetCore.Mvc.Infrastructure.ModelStateInvalidFilter. 
2023-11-21 16:10:50.6511||DEBUG|Microsoft.AspNetCore.Mvc.Infrastructure.ModelStateInvalidFilter|The request has model state errors, returning an error response. 
2023-11-21 16:10:50.6511||TRACE|Microsoft.AspNetCore.Mvc.Infrastructure.ControllerActionInvoker|Action Filter: After executing OnActionExecuting on filter Microsoft.AspNetCore.Mvc.Infrastructure.ModelStateInvalidFilter. 
2023-11-21 16:10:50.6511||DEBUG|Microsoft.AspNetCore.Mvc.Infrastructure.ControllerActionInvoker|Request was short circuited at action filter 'Microsoft.AspNetCore.Mvc.Infrastructure.ModelStateInvalidFilter'. 
2023-11-21 16:10:50.6511||TRACE|Microsoft.AspNetCore.Mvc.Infrastructure.ControllerActionInvoker|Action Filter: Before executing OnActionExecuted on filter Microsoft.AspNetCore.Mvc.ModelBinding.UnsupportedContentTypeFilter. 
2023-11-21 16:10:50.6511||TRACE|Microsoft.AspNetCore.Mvc.Infrastructure.ControllerActionInvoker|Action Filter: After executing OnActionExecuted on filter Microsoft.AspNetCore.Mvc.ModelBinding.UnsupportedContentTypeFilter. 
2023-11-21 16:10:50.6511||TRACE|Microsoft.AspNetCore.Mvc.Infrastructure.ControllerActionInvoker|Result Filter: Before executing OnResultExecuting on filter Microsoft.AspNetCore.Mvc.Infrastructure.ClientErrorResultFilter. 
2023-11-21 16:10:50.6511||TRACE|Microsoft.AspNetCore.Mvc.Infrastructure.ControllerActionInvoker|Result Filter: After executing OnResultExecuting on filter Microsoft.AspNetCore.Mvc.Infrastructure.ClientErrorResultFilter. 
2023-11-21 16:10:50.6511||TRACE|Microsoft.AspNetCore.Mvc.Infrastructure.ControllerActionInvoker|Before executing action result Microsoft.AspNetCore.Mvc.BadRequestObjectResult. 
2023-11-21 16:10:50.6511||DEBUG|Microsoft.AspNetCore.Mvc.Infrastructure.DefaultOutputFormatterSelector|List of registered output formatters, in the following order: Microsoft.AspNetCore.Mvc.Formatters.HttpNoContentOutputFormatter, Microsoft.AspNetCore.Mvc.Formatters.StringOutputFormatter, Microsoft.AspNetCore.Mvc.Formatters.StreamOutputFormatter, Microsoft.AspNetCore.Mvc.Formatters.SystemTextJsonOutputFormatter 
2023-11-21 16:10:50.6511||DEBUG|Microsoft.AspNetCore.Mvc.Infrastructure.DefaultOutputFormatterSelector|No information found on request to perform content negotiation. 
2023-11-21 16:10:50.6511||DEBUG|Microsoft.AspNetCore.Mvc.Infrastructure.DefaultOutputFormatterSelector|Attempting to select the first output formatter in the output formatters list which supports a content type from the explicitly specified content types 'application/problem+json, application/problem+xml, application/problem+json, application/problem+xml'. 
2023-11-21 16:10:50.6511||DEBUG|Microsoft.AspNetCore.Mvc.Infrastructure.DefaultOutputFormatterSelector|Selected output formatter 'Microsoft.AspNetCore.Mvc.Formatters.SystemTextJsonOutputFormatter' and content type 'application/problem+json' to write the response. 
2023-11-21 16:10:50.6511||INFO|Microsoft.AspNetCore.Mvc.Infrastructure.ObjectResultExecutor|Executing BadRequestObjectResult, writing value of type 'Microsoft.AspNetCore.Mvc.ValidationProblemDetails'. 
2023-11-21 16:10:50.6511||TRACE|Microsoft.AspNetCore.Server.Kestrel.Http2|Connection id "0HMVAFMELEBAD" sending HEADERS frame for stream ID 13 with length 34 and flags END_HEADERS. 
2023-11-21 16:10:50.6511||TRACE|Microsoft.AspNetCore.Server.Kestrel.Http2|Connection id "0HMVAFMELEBAD" sending DATA frame for stream ID 13 with length 288 and flags NONE. 
2023-11-21 16:10:50.6511||TRACE|Microsoft.AspNetCore.Mvc.Infrastructure.ControllerActionInvoker|After executing action result Microsoft.AspNetCore.Mvc.BadRequestObjectResult. 
2023-11-21 16:10:50.6511||TRACE|Microsoft.AspNetCore.Mvc.Infrastructure.ControllerActionInvoker|Result Filter: Before executing OnResultExecuted on filter Microsoft.AspNetCore.Mvc.Infrastructure.ClientErrorResultFilter. 
2023-11-21 16:10:50.6511||TRACE|Microsoft.AspNetCore.Mvc.Infrastructure.ControllerActionInvoker|Result Filter: After executing OnResultExecuted on filter Microsoft.AspNetCore.Mvc.Infrastructure.ClientErrorResultFilter. 
2023-11-21 16:10:50.6511||INFO|Microsoft.AspNetCore.Mvc.Infrastructure.ControllerActionInvoker|Executed action StorageCondition_API.Controllers.TrackHistory.GetTrackRunsFromNDCID (StorageCondition_API) in 14.4388ms 
2023-11-21 16:10:50.6511||INFO|Microsoft.AspNetCore.Routing.EndpointMiddleware|Executed endpoint 'StorageCondition_API.Controllers.TrackHistory.GetTrackRunsFromNDCID (StorageCondition_API)' 
2023-11-21 16:10:50.6511||TRACE|Microsoft.AspNetCore.Server.Kestrel.Http2|Connection id "0HMVAFMELEBAD" sending DATA frame for stream ID 13 with length 0 and flags END_STREAM. 
2023-11-21 16:10:50.6511||INFO|Microsoft.AspNetCore.Hosting.Diagnostics|Request finished HTTP/2 GET https://localhost:7164/api/TrackHistory/GetTrackRunsFromNDCID?pageIndex=0&numberOfRecPerPage=0&ndcId=0&startDate=0&endDate=0 - - - 400 - application/problem+json;+charset=utf-8 19.6537ms 
2023-11-21 16:10:50.6511||TRACE|Microsoft.AspNetCore.Server.Kestrel.Http2|Connection id "0HMVAFMELEBAD" received WINDOW_UPDATE frame for stream ID 0 with length 4 and flags 0x0. 
2023-11-21 16:10:59.3986||TRACE|Microsoft.AspNetCore.Server.Kestrel.Http2|Connection id "0HMVAFMELEBAD" received HEADERS frame for stream ID 15 with length 100 and flags END_STREAM, END_HEADERS, PRIORITY. 
2023-11-21 16:10:59.3986||INFO|Microsoft.AspNetCore.Hosting.Diagnostics|Request starting HTTP/2 GET https://localhost:7164/api/TrackHistory/GetTrackRunsFromNDCID?pageIndex=0&numberOfRecPerPage=0&ndcId=2q232&startDate=0&endDate=0 - - 
2023-11-21 16:10:59.3986||TRACE|Microsoft.AspNetCore.HostFiltering.HostFilteringMiddleware|All hosts are allowed. 
2023-11-21 16:10:59.3986||DEBUG|Microsoft.AspNetCore.Routing.Matching.DfaMatcher|1 candidate(s) found for the request path '/api/TrackHistory/GetTrackRunsFromNDCID' 
2023-11-21 16:10:59.3986||DEBUG|Microsoft.AspNetCore.Routing.Matching.DfaMatcher|Endpoint 'StorageCondition_API.Controllers.TrackHistory.GetTrackRunsFromNDCID (StorageCondition_API)' with route pattern 'api/TrackHistory/GetTrackRunsFromNDCID' is valid for the request path '/api/TrackHistory/GetTrackRunsFromNDCID' 
2023-11-21 16:10:59.3986||DEBUG|Microsoft.AspNetCore.Routing.EndpointRoutingMiddleware|Request matched endpoint 'StorageCondition_API.Controllers.TrackHistory.GetTrackRunsFromNDCID (StorageCondition_API)' 
2023-11-21 16:10:59.3986||DEBUG|Microsoft.AspNetCore.StaticFiles.StaticFileMiddleware|Static files was skipped as the request already matched an endpoint. 
2023-11-21 16:10:59.3986||INFO|Microsoft.AspNetCore.Routing.EndpointMiddleware|Executing endpoint 'StorageCondition_API.Controllers.TrackHistory.GetTrackRunsFromNDCID (StorageCondition_API)' 
2023-11-21 16:10:59.3986||INFO|Microsoft.AspNetCore.Mvc.Infrastructure.ControllerActionInvoker|Route matched with {action = "GetTrackRunsFromNDCID", controller = "TrackHistory"}. Executing controller action with signature System.Threading.Tasks.Task`1[Microsoft.AspNetCore.Mvc.IActionResult] GetTrackRunsFromNDCID(Int32, Int32, System.String, System.Nullable`1[System.DateTime], System.Nullable`1[System.DateTime]) on controller StorageCondition_API.Controllers.TrackHistory (StorageCondition_API). 
2023-11-21 16:10:59.3986||DEBUG|Microsoft.AspNetCore.Mvc.Infrastructure.ControllerActionInvoker|Execution plan of authorization filters (in the following order): None 
2023-11-21 16:10:59.3986||DEBUG|Microsoft.AspNetCore.Mvc.Infrastructure.ControllerActionInvoker|Execution plan of resource filters (in the following order): None 
2023-11-21 16:10:59.3986||DEBUG|Microsoft.AspNetCore.Mvc.Infrastructure.ControllerActionInvoker|Execution plan of action filters (in the following order): Microsoft.AspNetCore.Mvc.ModelBinding.UnsupportedContentTypeFilter (Order: -3000), Microsoft.AspNetCore.Mvc.Infrastructure.ModelStateInvalidFilter (Order: -2000) 
2023-11-21 16:10:59.3986||DEBUG|Microsoft.AspNetCore.Mvc.Infrastructure.ControllerActionInvoker|Execution plan of exception filters (in the following order): None 
2023-11-21 16:10:59.3986||DEBUG|Microsoft.AspNetCore.Mvc.Infrastructure.ControllerActionInvoker|Execution plan of result filters (in the following order): Microsoft.AspNetCore.Mvc.Infrastructure.ClientErrorResultFilter (Order: -2000) 
2023-11-21 16:10:59.3986||DEBUG|Microsoft.AspNetCore.Mvc.Infrastructure.ControllerActionInvoker|Executing controller factory for controller StorageCondition_API.Controllers.TrackHistory (StorageCondition_API) 
2023-11-21 16:10:59.3986||DEBUG|Microsoft.AspNetCore.Mvc.Infrastructure.ControllerActionInvoker|Executed controller factory for controller StorageCondition_API.Controllers.TrackHistory (StorageCondition_API) 
2023-11-21 16:10:59.3986||DEBUG|Microsoft.AspNetCore.Mvc.ModelBinding.ParameterBinder|Attempting to bind parameter 'pageIndex' of type 'System.Int32' ... 
2023-11-21 16:10:59.3986||DEBUG|Microsoft.AspNetCore.Mvc.ModelBinding.Binders.SimpleTypeModelBinder|Attempting to bind parameter 'pageIndex' of type 'System.Int32' using the name 'pageIndex' in request data ... 
2023-11-21 16:10:59.3986||DEBUG|Microsoft.AspNetCore.Mvc.ModelBinding.Binders.SimpleTypeModelBinder|Done attempting to bind parameter 'pageIndex' of type 'System.Int32'. 
2023-11-21 16:10:59.3986||DEBUG|Microsoft.AspNetCore.Mvc.ModelBinding.ParameterBinder|Done attempting to bind parameter 'pageIndex' of type 'System.Int32'. 
2023-11-21 16:10:59.3986||DEBUG|Microsoft.AspNetCore.Mvc.ModelBinding.ParameterBinder|Attempting to validate the bound parameter 'pageIndex' of type 'System.Int32' ... 
2023-11-21 16:10:59.3986||DEBUG|Microsoft.AspNetCore.Mvc.ModelBinding.ParameterBinder|Done attempting to validate the bound parameter 'pageIndex' of type 'System.Int32'. 
2023-11-21 16:10:59.3986||DEBUG|Microsoft.AspNetCore.Mvc.ModelBinding.ParameterBinder|Attempting to bind parameter 'numberOfRecPerPage' of type 'System.Int32' ... 
2023-11-21 16:10:59.3986||DEBUG|Microsoft.AspNetCore.Mvc.ModelBinding.Binders.SimpleTypeModelBinder|Attempting to bind parameter 'numberOfRecPerPage' of type 'System.Int32' using the name 'numberOfRecPerPage' in request data ... 
2023-11-21 16:10:59.3986||DEBUG|Microsoft.AspNetCore.Mvc.ModelBinding.Binders.SimpleTypeModelBinder|Done attempting to bind parameter 'numberOfRecPerPage' of type 'System.Int32'. 
2023-11-21 16:10:59.3986||DEBUG|Microsoft.AspNetCore.Mvc.ModelBinding.ParameterBinder|Done attempting to bind parameter 'numberOfRecPerPage' of type 'System.Int32'. 
2023-11-21 16:10:59.3986||DEBUG|Microsoft.AspNetCore.Mvc.ModelBinding.ParameterBinder|Attempting to validate the bound parameter 'numberOfRecPerPage' of type 'System.Int32' ... 
2023-11-21 16:10:59.3986||DEBUG|Microsoft.AspNetCore.Mvc.ModelBinding.ParameterBinder|Done attempting to validate the bound parameter 'numberOfRecPerPage' of type 'System.Int32'. 
2023-11-21 16:10:59.3986||DEBUG|Microsoft.AspNetCore.Mvc.ModelBinding.ParameterBinder|Attempting to bind parameter 'ndcId' of type 'System.String' ... 
2023-11-21 16:10:59.3986||DEBUG|Microsoft.AspNetCore.Mvc.ModelBinding.Binders.SimpleTypeModelBinder|Attempting to bind parameter 'ndcId' of type 'System.String' using the name 'ndcId' in request data ... 
2023-11-21 16:10:59.3986||DEBUG|Microsoft.AspNetCore.Mvc.ModelBinding.Binders.SimpleTypeModelBinder|Done attempting to bind parameter 'ndcId' of type 'System.String'. 
2023-11-21 16:10:59.3986||DEBUG|Microsoft.AspNetCore.Mvc.ModelBinding.ParameterBinder|Done attempting to bind parameter 'ndcId' of type 'System.String'. 
2023-11-21 16:10:59.3986||DEBUG|Microsoft.AspNetCore.Mvc.ModelBinding.ParameterBinder|Attempting to validate the bound parameter 'ndcId' of type 'System.String' ... 
2023-11-21 16:10:59.3986||DEBUG|Microsoft.AspNetCore.Mvc.ModelBinding.ParameterBinder|Done attempting to validate the bound parameter 'ndcId' of type 'System.String'. 
2023-11-21 16:10:59.3986||DEBUG|Microsoft.AspNetCore.Mvc.ModelBinding.ParameterBinder|Attempting to bind parameter 'startDate' of type 'System.Nullable`1[System.DateTime]' ... 
2023-11-21 16:10:59.3986||DEBUG|Microsoft.AspNetCore.Mvc.ModelBinding.Binders.DateTimeModelBinder|Attempting to bind parameter 'startDate' of type 'System.Nullable`1[System.DateTime]' using the name 'startDate' in request data ... 
2023-11-21 16:10:59.3986||DEBUG|Microsoft.AspNetCore.Mvc.ModelBinding.Binders.DateTimeModelBinder|Done attempting to bind parameter 'startDate' of type 'System.Nullable`1[System.DateTime]'. 
2023-11-21 16:10:59.3986||DEBUG|Microsoft.AspNetCore.Mvc.ModelBinding.ParameterBinder|Done attempting to bind parameter 'startDate' of type 'System.Nullable`1[System.DateTime]'. 
2023-11-21 16:10:59.3986||DEBUG|Microsoft.AspNetCore.Mvc.ModelBinding.ParameterBinder|Attempting to validate the bound parameter 'startDate' of type 'System.Nullable`1[System.DateTime]' ... 
2023-11-21 16:10:59.3986||DEBUG|Microsoft.AspNetCore.Mvc.ModelBinding.ParameterBinder|Done attempting to validate the bound parameter 'startDate' of type 'System.Nullable`1[System.DateTime]'. 
2023-11-21 16:10:59.3986||DEBUG|Microsoft.AspNetCore.Mvc.ModelBinding.ParameterBinder|Attempting to bind parameter 'endDate' of type 'System.Nullable`1[System.DateTime]' ... 
2023-11-21 16:10:59.3986||DEBUG|Microsoft.AspNetCore.Mvc.ModelBinding.Binders.DateTimeModelBinder|Attempting to bind parameter 'endDate' of type 'System.Nullable`1[System.DateTime]' using the name 'endDate' in request data ... 
2023-11-21 16:10:59.3986||DEBUG|Microsoft.AspNetCore.Mvc.ModelBinding.Binders.DateTimeModelBinder|Done attempting to bind parameter 'endDate' of type 'System.Nullable`1[System.DateTime]'. 
2023-11-21 16:10:59.3986||DEBUG|Microsoft.AspNetCore.Mvc.ModelBinding.ParameterBinder|Done attempting to bind parameter 'endDate' of type 'System.Nullable`1[System.DateTime]'. 
2023-11-21 16:10:59.3986||DEBUG|Microsoft.AspNetCore.Mvc.ModelBinding.ParameterBinder|Attempting to validate the bound parameter 'endDate' of type 'System.Nullable`1[System.DateTime]' ... 
2023-11-21 16:10:59.3986||DEBUG|Microsoft.AspNetCore.Mvc.ModelBinding.ParameterBinder|Done attempting to validate the bound parameter 'endDate' of type 'System.Nullable`1[System.DateTime]'. 
2023-11-21 16:10:59.3986||TRACE|Microsoft.AspNetCore.Mvc.Infrastructure.ControllerActionInvoker|Action Filter: Before executing OnActionExecuting on filter Microsoft.AspNetCore.Mvc.ModelBinding.UnsupportedContentTypeFilter. 
2023-11-21 16:10:59.3986||TRACE|Microsoft.AspNetCore.Mvc.Infrastructure.ControllerActionInvoker|Action Filter: After executing OnActionExecuting on filter Microsoft.AspNetCore.Mvc.ModelBinding.UnsupportedContentTypeFilter. 
2023-11-21 16:10:59.3986||TRACE|Microsoft.AspNetCore.Mvc.Infrastructure.ControllerActionInvoker|Action Filter: Before executing OnActionExecuting on filter Microsoft.AspNetCore.Mvc.Infrastructure.ModelStateInvalidFilter. 
2023-11-21 16:10:59.3986||DEBUG|Microsoft.AspNetCore.Mvc.Infrastructure.ModelStateInvalidFilter|The request has model state errors, returning an error response. 
2023-11-21 16:10:59.3986||TRACE|Microsoft.AspNetCore.Mvc.Infrastructure.ControllerActionInvoker|Action Filter: After executing OnActionExecuting on filter Microsoft.AspNetCore.Mvc.Infrastructure.ModelStateInvalidFilter. 
2023-11-21 16:10:59.3986||DEBUG|Microsoft.AspNetCore.Mvc.Infrastructure.ControllerActionInvoker|Request was short circuited at action filter 'Microsoft.AspNetCore.Mvc.Infrastructure.ModelStateInvalidFilter'. 
2023-11-21 16:10:59.3986||TRACE|Microsoft.AspNetCore.Mvc.Infrastructure.ControllerActionInvoker|Action Filter: Before executing OnActionExecuted on filter Microsoft.AspNetCore.Mvc.ModelBinding.UnsupportedContentTypeFilter. 
2023-11-21 16:10:59.3986||TRACE|Microsoft.AspNetCore.Mvc.Infrastructure.ControllerActionInvoker|Action Filter: After executing OnActionExecuted on filter Microsoft.AspNetCore.Mvc.ModelBinding.UnsupportedContentTypeFilter. 
2023-11-21 16:10:59.3986||TRACE|Microsoft.AspNetCore.Mvc.Infrastructure.ControllerActionInvoker|Result Filter: Before executing OnResultExecuting on filter Microsoft.AspNetCore.Mvc.Infrastructure.ClientErrorResultFilter. 
2023-11-21 16:10:59.3986||TRACE|Microsoft.AspNetCore.Mvc.Infrastructure.ControllerActionInvoker|Result Filter: After executing OnResultExecuting on filter Microsoft.AspNetCore.Mvc.Infrastructure.ClientErrorResultFilter. 
2023-11-21 16:10:59.3986||TRACE|Microsoft.AspNetCore.Mvc.Infrastructure.ControllerActionInvoker|Before executing action result Microsoft.AspNetCore.Mvc.BadRequestObjectResult. 
2023-11-21 16:10:59.3986||DEBUG|Microsoft.AspNetCore.Mvc.Infrastructure.DefaultOutputFormatterSelector|List of registered output formatters, in the following order: Microsoft.AspNetCore.Mvc.Formatters.HttpNoContentOutputFormatter, Microsoft.AspNetCore.Mvc.Formatters.StringOutputFormatter, Microsoft.AspNetCore.Mvc.Formatters.StreamOutputFormatter, Microsoft.AspNetCore.Mvc.Formatters.SystemTextJsonOutputFormatter 
2023-11-21 16:10:59.3986||DEBUG|Microsoft.AspNetCore.Mvc.Infrastructure.DefaultOutputFormatterSelector|No information found on request to perform content negotiation. 
2023-11-21 16:10:59.3986||DEBUG|Microsoft.AspNetCore.Mvc.Infrastructure.DefaultOutputFormatterSelector|Attempting to select the first output formatter in the output formatters list which supports a content type from the explicitly specified content types 'application/problem+json, application/problem+xml, application/problem+json, application/problem+xml'. 
2023-11-21 16:10:59.3986||DEBUG|Microsoft.AspNetCore.Mvc.Infrastructure.DefaultOutputFormatterSelector|Selected output formatter 'Microsoft.AspNetCore.Mvc.Formatters.SystemTextJsonOutputFormatter' and content type 'application/problem+json' to write the response. 
2023-11-21 16:10:59.3986||INFO|Microsoft.AspNetCore.Mvc.Infrastructure.ObjectResultExecutor|Executing BadRequestObjectResult, writing value of type 'Microsoft.AspNetCore.Mvc.ValidationProblemDetails'. 
2023-11-21 16:10:59.3986||TRACE|Microsoft.AspNetCore.Server.Kestrel.Http2|Connection id "0HMVAFMELEBAD" sending HEADERS frame for stream ID 15 with length 34 and flags END_HEADERS. 
2023-11-21 16:10:59.3986||TRACE|Microsoft.AspNetCore.Server.Kestrel.Http2|Connection id "0HMVAFMELEBAD" sending DATA frame for stream ID 15 with length 288 and flags NONE. 
2023-11-21 16:10:59.3986||TRACE|Microsoft.AspNetCore.Mvc.Infrastructure.ControllerActionInvoker|After executing action result Microsoft.AspNetCore.Mvc.BadRequestObjectResult. 
2023-11-21 16:10:59.3986||TRACE|Microsoft.AspNetCore.Mvc.Infrastructure.ControllerActionInvoker|Result Filter: Before executing OnResultExecuted on filter Microsoft.AspNetCore.Mvc.Infrastructure.ClientErrorResultFilter. 
2023-11-21 16:10:59.3986||TRACE|Microsoft.AspNetCore.Mvc.Infrastructure.ControllerActionInvoker|Result Filter: After executing OnResultExecuted on filter Microsoft.AspNetCore.Mvc.Infrastructure.ClientErrorResultFilter. 
2023-11-21 16:10:59.3986||INFO|Microsoft.AspNetCore.Mvc.Infrastructure.ControllerActionInvoker|Executed action StorageCondition_API.Controllers.TrackHistory.GetTrackRunsFromNDCID (StorageCondition_API) in 1.8985ms 
2023-11-21 16:10:59.3986||INFO|Microsoft.AspNetCore.Routing.EndpointMiddleware|Executed endpoint 'StorageCondition_API.Controllers.TrackHistory.GetTrackRunsFromNDCID (StorageCondition_API)' 
2023-11-21 16:10:59.3986||TRACE|Microsoft.AspNetCore.Server.Kestrel.Http2|Connection id "0HMVAFMELEBAD" sending DATA frame for stream ID 15 with length 0 and flags END_STREAM. 
2023-11-21 16:10:59.3986||INFO|Microsoft.AspNetCore.Hosting.Diagnostics|Request finished HTTP/2 GET https://localhost:7164/api/TrackHistory/GetTrackRunsFromNDCID?pageIndex=0&numberOfRecPerPage=0&ndcId=2q232&startDate=0&endDate=0 - - - 400 - application/problem+json;+charset=utf-8 2.4823ms 
2023-11-21 16:10:59.3986||TRACE|Microsoft.AspNetCore.Server.Kestrel.Http2|Connection id "0HMVAFMELEBAD" received WINDOW_UPDATE frame for stream ID 0 with length 4 and flags 0x0. 
2023-11-21 16:11:16.2371||TRACE|Microsoft.AspNetCore.Server.Kestrel.Http2|Connection id "0HMVAFMELEBAD" received HEADERS frame for stream ID 17 with length 85 and flags END_STREAM, END_HEADERS, PRIORITY. 
2023-11-21 16:11:16.2371||TRACE|Microsoft.AspNetCore.Server.Kestrel.Http2|Connection id "0HMVAFMELEBAD" received PING frame for stream ID 0 with length 8 and flags NONE. 
2023-11-21 16:11:16.2371||TRACE|Microsoft.AspNetCore.Server.Kestrel.Http2|Connection id "0HMVAFMELEBAD" sending PING frame for stream ID 0 with length 8 and flags ACK. 
2023-11-21 16:11:16.2371||INFO|Microsoft.AspNetCore.Hosting.Diagnostics|Request starting HTTP/2 GET https://localhost:7164/api/TrackHistory/GetTrackRunsFromNDCID?pageIndex=0&numberOfRecPerPage=10&ndcId=2q232 - - 
2023-11-21 16:11:16.2371||TRACE|Microsoft.AspNetCore.HostFiltering.HostFilteringMiddleware|All hosts are allowed. 
2023-11-21 16:11:16.2371||DEBUG|Microsoft.AspNetCore.Routing.Matching.DfaMatcher|1 candidate(s) found for the request path '/api/TrackHistory/GetTrackRunsFromNDCID' 
2023-11-21 16:11:16.2371||DEBUG|Microsoft.AspNetCore.Routing.Matching.DfaMatcher|Endpoint 'StorageCondition_API.Controllers.TrackHistory.GetTrackRunsFromNDCID (StorageCondition_API)' with route pattern 'api/TrackHistory/GetTrackRunsFromNDCID' is valid for the request path '/api/TrackHistory/GetTrackRunsFromNDCID' 
2023-11-21 16:11:16.2371||DEBUG|Microsoft.AspNetCore.Routing.EndpointRoutingMiddleware|Request matched endpoint 'StorageCondition_API.Controllers.TrackHistory.GetTrackRunsFromNDCID (StorageCondition_API)' 
2023-11-21 16:11:16.2371||DEBUG|Microsoft.AspNetCore.StaticFiles.StaticFileMiddleware|Static files was skipped as the request already matched an endpoint. 
2023-11-21 16:11:16.2371||INFO|Microsoft.AspNetCore.Routing.EndpointMiddleware|Executing endpoint 'StorageCondition_API.Controllers.TrackHistory.GetTrackRunsFromNDCID (StorageCondition_API)' 
2023-11-21 16:11:16.2371||INFO|Microsoft.AspNetCore.Mvc.Infrastructure.ControllerActionInvoker|Route matched with {action = "GetTrackRunsFromNDCID", controller = "TrackHistory"}. Executing controller action with signature System.Threading.Tasks.Task`1[Microsoft.AspNetCore.Mvc.IActionResult] GetTrackRunsFromNDCID(Int32, Int32, System.String, System.Nullable`1[System.DateTime], System.Nullable`1[System.DateTime]) on controller StorageCondition_API.Controllers.TrackHistory (StorageCondition_API). 
2023-11-21 16:11:16.2371||DEBUG|Microsoft.AspNetCore.Mvc.Infrastructure.ControllerActionInvoker|Execution plan of authorization filters (in the following order): None 
2023-11-21 16:11:16.2371||DEBUG|Microsoft.AspNetCore.Mvc.Infrastructure.ControllerActionInvoker|Execution plan of resource filters (in the following order): None 
2023-11-21 16:11:16.2371||DEBUG|Microsoft.AspNetCore.Mvc.Infrastructure.ControllerActionInvoker|Execution plan of action filters (in the following order): Microsoft.AspNetCore.Mvc.ModelBinding.UnsupportedContentTypeFilter (Order: -3000), Microsoft.AspNetCore.Mvc.Infrastructure.ModelStateInvalidFilter (Order: -2000) 
2023-11-21 16:11:16.2371||DEBUG|Microsoft.AspNetCore.Mvc.Infrastructure.ControllerActionInvoker|Execution plan of exception filters (in the following order): None 
2023-11-21 16:11:16.2371||DEBUG|Microsoft.AspNetCore.Mvc.Infrastructure.ControllerActionInvoker|Execution plan of result filters (in the following order): Microsoft.AspNetCore.Mvc.Infrastructure.ClientErrorResultFilter (Order: -2000) 
2023-11-21 16:11:16.2371||DEBUG|Microsoft.AspNetCore.Mvc.Infrastructure.ControllerActionInvoker|Executing controller factory for controller StorageCondition_API.Controllers.TrackHistory (StorageCondition_API) 
2023-11-21 16:11:16.2371||DEBUG|Microsoft.AspNetCore.Mvc.Infrastructure.ControllerActionInvoker|Executed controller factory for controller StorageCondition_API.Controllers.TrackHistory (StorageCondition_API) 
2023-11-21 16:11:16.2371||DEBUG|Microsoft.AspNetCore.Mvc.ModelBinding.ParameterBinder|Attempting to bind parameter 'pageIndex' of type 'System.Int32' ... 
2023-11-21 16:11:16.2371||DEBUG|Microsoft.AspNetCore.Mvc.ModelBinding.Binders.SimpleTypeModelBinder|Attempting to bind parameter 'pageIndex' of type 'System.Int32' using the name 'pageIndex' in request data ... 
2023-11-21 16:11:16.2371||DEBUG|Microsoft.AspNetCore.Mvc.ModelBinding.Binders.SimpleTypeModelBinder|Done attempting to bind parameter 'pageIndex' of type 'System.Int32'. 
2023-11-21 16:11:16.2371||DEBUG|Microsoft.AspNetCore.Mvc.ModelBinding.ParameterBinder|Done attempting to bind parameter 'pageIndex' of type 'System.Int32'. 
2023-11-21 16:11:16.2371||DEBUG|Microsoft.AspNetCore.Mvc.ModelBinding.ParameterBinder|Attempting to validate the bound parameter 'pageIndex' of type 'System.Int32' ... 
2023-11-21 16:11:16.2371||DEBUG|Microsoft.AspNetCore.Mvc.ModelBinding.ParameterBinder|Done attempting to validate the bound parameter 'pageIndex' of type 'System.Int32'. 
2023-11-21 16:11:16.2371||DEBUG|Microsoft.AspNetCore.Mvc.ModelBinding.ParameterBinder|Attempting to bind parameter 'numberOfRecPerPage' of type 'System.Int32' ... 
2023-11-21 16:11:16.2371||DEBUG|Microsoft.AspNetCore.Mvc.ModelBinding.Binders.SimpleTypeModelBinder|Attempting to bind parameter 'numberOfRecPerPage' of type 'System.Int32' using the name 'numberOfRecPerPage' in request data ... 
2023-11-21 16:11:16.2371||DEBUG|Microsoft.AspNetCore.Mvc.ModelBinding.Binders.SimpleTypeModelBinder|Done attempting to bind parameter 'numberOfRecPerPage' of type 'System.Int32'. 
2023-11-21 16:11:16.2371||DEBUG|Microsoft.AspNetCore.Mvc.ModelBinding.ParameterBinder|Done attempting to bind parameter 'numberOfRecPerPage' of type 'System.Int32'. 
2023-11-21 16:11:16.2371||DEBUG|Microsoft.AspNetCore.Mvc.ModelBinding.ParameterBinder|Attempting to validate the bound parameter 'numberOfRecPerPage' of type 'System.Int32' ... 
2023-11-21 16:11:16.2371||DEBUG|Microsoft.AspNetCore.Mvc.ModelBinding.ParameterBinder|Done attempting to validate the bound parameter 'numberOfRecPerPage' of type 'System.Int32'. 
2023-11-21 16:11:16.2371||DEBUG|Microsoft.AspNetCore.Mvc.ModelBinding.ParameterBinder|Attempting to bind parameter 'ndcId' of type 'System.String' ... 
2023-11-21 16:11:16.2371||DEBUG|Microsoft.AspNetCore.Mvc.ModelBinding.Binders.SimpleTypeModelBinder|Attempting to bind parameter 'ndcId' of type 'System.String' using the name 'ndcId' in request data ... 
2023-11-21 16:11:16.2371||DEBUG|Microsoft.AspNetCore.Mvc.ModelBinding.Binders.SimpleTypeModelBinder|Done attempting to bind parameter 'ndcId' of type 'System.String'. 
2023-11-21 16:11:16.2371||DEBUG|Microsoft.AspNetCore.Mvc.ModelBinding.ParameterBinder|Done attempting to bind parameter 'ndcId' of type 'System.String'. 
2023-11-21 16:11:16.2371||DEBUG|Microsoft.AspNetCore.Mvc.ModelBinding.ParameterBinder|Attempting to validate the bound parameter 'ndcId' of type 'System.String' ... 
2023-11-21 16:11:16.2371||DEBUG|Microsoft.AspNetCore.Mvc.ModelBinding.ParameterBinder|Done attempting to validate the bound parameter 'ndcId' of type 'System.String'. 
2023-11-21 16:11:16.2371||DEBUG|Microsoft.AspNetCore.Mvc.ModelBinding.ParameterBinder|Attempting to bind parameter 'startDate' of type 'System.Nullable`1[System.DateTime]' ... 
2023-11-21 16:11:16.2371||DEBUG|Microsoft.AspNetCore.Mvc.ModelBinding.Binders.DateTimeModelBinder|Attempting to bind parameter 'startDate' of type 'System.Nullable`1[System.DateTime]' using the name '' in request data ... 
2023-11-21 16:11:16.2371||DEBUG|Microsoft.AspNetCore.Mvc.ModelBinding.Binders.DateTimeModelBinder|Could not find a value in the request with name '' for binding parameter 'startDate' of type 'System.Nullable`1[System.DateTime]'. 
2023-11-21 16:11:16.2371||DEBUG|Microsoft.AspNetCore.Mvc.ModelBinding.Binders.DateTimeModelBinder|Done attempting to bind parameter 'startDate' of type 'System.Nullable`1[System.DateTime]'. 
2023-11-21 16:11:16.2371||DEBUG|Microsoft.AspNetCore.Mvc.ModelBinding.ParameterBinder|Done attempting to bind parameter 'startDate' of type 'System.Nullable`1[System.DateTime]'. 
2023-11-21 16:11:16.2371||DEBUG|Microsoft.AspNetCore.Mvc.ModelBinding.ParameterBinder|Attempting to validate the bound parameter 'startDate' of type 'System.Nullable`1[System.DateTime]' ... 
2023-11-21 16:11:16.2371||DEBUG|Microsoft.AspNetCore.Mvc.ModelBinding.ParameterBinder|Done attempting to validate the bound parameter 'startDate' of type 'System.Nullable`1[System.DateTime]'. 
2023-11-21 16:11:16.2371||DEBUG|Microsoft.AspNetCore.Mvc.ModelBinding.ParameterBinder|Attempting to bind parameter 'endDate' of type 'System.Nullable`1[System.DateTime]' ... 
2023-11-21 16:11:16.2371||DEBUG|Microsoft.AspNetCore.Mvc.ModelBinding.Binders.DateTimeModelBinder|Attempting to bind parameter 'endDate' of type 'System.Nullable`1[System.DateTime]' using the name '' in request data ... 
2023-11-21 16:11:16.2371||DEBUG|Microsoft.AspNetCore.Mvc.ModelBinding.Binders.DateTimeModelBinder|Could not find a value in the request with name '' for binding parameter 'endDate' of type 'System.Nullable`1[System.DateTime]'. 
2023-11-21 16:11:16.2371||DEBUG|Microsoft.AspNetCore.Mvc.ModelBinding.Binders.DateTimeModelBinder|Done attempting to bind parameter 'endDate' of type 'System.Nullable`1[System.DateTime]'. 
2023-11-21 16:11:16.2371||DEBUG|Microsoft.AspNetCore.Mvc.ModelBinding.ParameterBinder|Done attempting to bind parameter 'endDate' of type 'System.Nullable`1[System.DateTime]'. 
2023-11-21 16:11:16.2371||DEBUG|Microsoft.AspNetCore.Mvc.ModelBinding.ParameterBinder|Attempting to validate the bound parameter 'endDate' of type 'System.Nullable`1[System.DateTime]' ... 
2023-11-21 16:11:16.2371||DEBUG|Microsoft.AspNetCore.Mvc.ModelBinding.ParameterBinder|Done attempting to validate the bound parameter 'endDate' of type 'System.Nullable`1[System.DateTime]'. 
2023-11-21 16:11:16.2371||TRACE|Microsoft.AspNetCore.Mvc.Infrastructure.ControllerActionInvoker|Action Filter: Before executing OnActionExecuting on filter Microsoft.AspNetCore.Mvc.ModelBinding.UnsupportedContentTypeFilter. 
2023-11-21 16:11:16.2371||TRACE|Microsoft.AspNetCore.Mvc.Infrastructure.ControllerActionInvoker|Action Filter: After executing OnActionExecuting on filter Microsoft.AspNetCore.Mvc.ModelBinding.UnsupportedContentTypeFilter. 
2023-11-21 16:11:16.2371||TRACE|Microsoft.AspNetCore.Mvc.Infrastructure.ControllerActionInvoker|Action Filter: Before executing OnActionExecuting on filter Microsoft.AspNetCore.Mvc.Infrastructure.ModelStateInvalidFilter. 
2023-11-21 16:11:16.2371||TRACE|Microsoft.AspNetCore.Mvc.Infrastructure.ControllerActionInvoker|Action Filter: After executing OnActionExecuting on filter Microsoft.AspNetCore.Mvc.Infrastructure.ModelStateInvalidFilter. 
2023-11-21 16:11:16.2371||INFO|Microsoft.AspNetCore.Mvc.Infrastructure.ControllerActionInvoker|Executing action method StorageCondition_API.Controllers.TrackHistory.GetTrackRunsFromNDCID (StorageCondition_API) - Validation state: Valid 
2023-11-21 16:11:16.2371||TRACE|Microsoft.AspNetCore.Mvc.Infrastructure.ControllerActionInvoker|Executing action method StorageCondition_API.Controllers.TrackHistory.GetTrackRunsFromNDCID (StorageCondition_API) with arguments (0, 10, 2q232, , ) 
2023-11-21 16:12:47.7742||ERROR|StorageCondition_API.services.TrackRunService|System.NotSupportedException: Method ToDateTime not supported. System.NotSupportedException: Method ToDateTime not supported.
   at Azure.Data.Tables.Queryable.ExpressionNormalizer.VisitMethodCallNoRewrite(MethodCallExpression call)
   at Azure.Data.Tables.Queryable.ExpressionNormalizer.VisitMethodCall(MethodCallExpression call)
   at System.Linq.Expressions.MethodCallExpression.Accept(ExpressionVisitor visitor)
   at System.Linq.Expressions.ExpressionVisitor.Visit(Expression node)
   at System.Linq.Expressions.ExpressionVisitor.VisitUnary(UnaryExpression node)
   at Azure.Data.Tables.Queryable.ExpressionNormalizer.VisitUnary(UnaryExpression u)
   at System.Linq.Expressions.UnaryExpression.Accept(ExpressionVisitor visitor)
   at System.Linq.Expressions.ExpressionVisitor.Visit(Expression node)
   at System.Linq.Expressions.ExpressionVisitor.VisitBinary(BinaryExpression node)
   at Azure.Data.Tables.Queryable.ExpressionNormalizer.VisitBinary(BinaryExpression b)
   at System.Linq.Expressions.BinaryExpression.Accept(ExpressionVisitor visitor)
   at System.Linq.Expressions.ExpressionVisitor.Visit(Expression node)
   at System.Linq.Expressions.ExpressionVisitor.VisitBinary(BinaryExpression node)
   at Azure.Data.Tables.Queryable.ExpressionNormalizer.VisitBinary(BinaryExpression b)
   at System.Linq.Expressions.BinaryExpression.Accept(ExpressionVisitor visitor)
   at System.Linq.Expressions.ExpressionVisitor.Visit(Expression node)
   at System.Linq.Expressions.ExpressionVisitor.VisitLambda[T](Expression`1 node)
   at System.Linq.Expressions.Expression`1.Accept(ExpressionVisitor visitor)
   at Azure.Data.Tables.TableClient.Bind(Expression expression)
   at Azure.Data.Tables.TableClient.Query[T](Expression`1 filter, Nullable`1 maxPerPage, IEnumerable`1 select, CancellationToken cancellationToken)
   at StorageCondition_API.services.TrackRunService.getTrackRunFromNDCIds(String ndcId, Int32 pageIndex, Int32 numberOfRecPerPage, Nullable`1 startDate, Nullable`1 endDate)
2023-11-21 16:12:47.7845||INFO|Microsoft.AspNetCore.Mvc.Infrastructure.ControllerActionInvoker|Executed action method StorageCondition_API.Controllers.TrackHistory.GetTrackRunsFromNDCID (StorageCondition_API), returned result Microsoft.AspNetCore.Mvc.OkObjectResult in 91544.6668ms. 
2023-11-21 16:12:47.7845||TRACE|Microsoft.AspNetCore.Mvc.Infrastructure.ControllerActionInvoker|Action Filter: Before executing OnActionExecuted on filter Microsoft.AspNetCore.Mvc.Infrastructure.ModelStateInvalidFilter. 
2023-11-21 16:12:47.7845||TRACE|Microsoft.AspNetCore.Mvc.Infrastructure.ControllerActionInvoker|Action Filter: After executing OnActionExecuted on filter Microsoft.AspNetCore.Mvc.Infrastructure.ModelStateInvalidFilter. 
2023-11-21 16:12:47.7845||TRACE|Microsoft.AspNetCore.Mvc.Infrastructure.ControllerActionInvoker|Action Filter: Before executing OnActionExecuted on filter Microsoft.AspNetCore.Mvc.ModelBinding.UnsupportedContentTypeFilter. 
2023-11-21 16:12:47.7845||TRACE|Microsoft.AspNetCore.Mvc.Infrastructure.ControllerActionInvoker|Action Filter: After executing OnActionExecuted on filter Microsoft.AspNetCore.Mvc.ModelBinding.UnsupportedContentTypeFilter. 
2023-11-21 16:12:47.7845||TRACE|Microsoft.AspNetCore.Mvc.Infrastructure.ControllerActionInvoker|Result Filter: Before executing OnResultExecuting on filter Microsoft.AspNetCore.Mvc.Infrastructure.ClientErrorResultFilter. 
2023-11-21 16:12:47.7845||TRACE|Microsoft.AspNetCore.Mvc.Infrastructure.ControllerActionInvoker|Result Filter: After executing OnResultExecuting on filter Microsoft.AspNetCore.Mvc.Infrastructure.ClientErrorResultFilter. 
2023-11-21 16:12:47.7845||TRACE|Microsoft.AspNetCore.Mvc.Infrastructure.ControllerActionInvoker|Before executing action result Microsoft.AspNetCore.Mvc.OkObjectResult. 
2023-11-21 16:12:47.7845||DEBUG|Microsoft.AspNetCore.Mvc.Infrastructure.DefaultOutputFormatterSelector|List of registered output formatters, in the following order: Microsoft.AspNetCore.Mvc.Formatters.HttpNoContentOutputFormatter, Microsoft.AspNetCore.Mvc.Formatters.StringOutputFormatter, Microsoft.AspNetCore.Mvc.Formatters.StreamOutputFormatter, Microsoft.AspNetCore.Mvc.Formatters.SystemTextJsonOutputFormatter 
2023-11-21 16:12:47.7845||DEBUG|Microsoft.AspNetCore.Mvc.Infrastructure.DefaultOutputFormatterSelector|No information found on request to perform content negotiation. 
2023-11-21 16:12:47.7845||DEBUG|Microsoft.AspNetCore.Mvc.Infrastructure.DefaultOutputFormatterSelector|Attempting to select an output formatter without using a content type as no explicit content types were specified for the response. 
2023-11-21 16:12:47.7845||DEBUG|Microsoft.AspNetCore.Mvc.Infrastructure.DefaultOutputFormatterSelector|Attempting to select the first formatter in the output formatters list which can write the result. 
2023-11-21 16:12:47.7845||DEBUG|Microsoft.AspNetCore.Mvc.Infrastructure.DefaultOutputFormatterSelector|Selected output formatter 'Microsoft.AspNetCore.Mvc.Formatters.SystemTextJsonOutputFormatter' and content type 'application/json' to write the response. 
2023-11-21 16:12:47.7845||INFO|Microsoft.AspNetCore.Mvc.Infrastructure.ObjectResultExecutor|Executing OkObjectResult, writing value of type 'System.Collections.Generic.List`1[[StorageCondition_API.Model.TrackRun, StorageCondition_API, Version=1.0.0.0, Culture=neutral, PublicKeyToken=null]]'. 
2023-11-21 16:12:47.7845||TRACE|Microsoft.AspNetCore.Server.Kestrel.Http2|Connection id "0HMVAFMELEBAD" sending HEADERS frame for stream ID 17 with length 34 and flags END_HEADERS. 
2023-11-21 16:12:47.7845||TRACE|Microsoft.AspNetCore.Server.Kestrel.Http2|Connection id "0HMVAFMELEBAD" sending DATA frame for stream ID 17 with length 2 and flags NONE. 
2023-11-21 16:12:47.7845||TRACE|Microsoft.AspNetCore.Mvc.Infrastructure.ControllerActionInvoker|After executing action result Microsoft.AspNetCore.Mvc.OkObjectResult. 
2023-11-21 16:12:47.7845||TRACE|Microsoft.AspNetCore.Mvc.Infrastructure.ControllerActionInvoker|Result Filter: Before executing OnResultExecuted on filter Microsoft.AspNetCore.Mvc.Infrastructure.ClientErrorResultFilter. 
2023-11-21 16:12:47.7845||TRACE|Microsoft.AspNetCore.Mvc.Infrastructure.ControllerActionInvoker|Result Filter: After executing OnResultExecuted on filter Microsoft.AspNetCore.Mvc.Infrastructure.ClientErrorResultFilter. 
2023-11-21 16:12:47.7845||INFO|Microsoft.AspNetCore.Mvc.Infrastructure.ControllerActionInvoker|Executed action StorageCondition_API.Controllers.TrackHistory.GetTrackRunsFromNDCID (StorageCondition_API) in 91546.9242ms 
2023-11-21 16:12:47.7845||INFO|Microsoft.AspNetCore.Routing.EndpointMiddleware|Executed endpoint 'StorageCondition_API.Controllers.TrackHistory.GetTrackRunsFromNDCID (StorageCondition_API)' 
2023-11-21 16:12:47.7845||TRACE|Microsoft.AspNetCore.Server.Kestrel.Http2|Connection id "0HMVAFMELEBAD" sending DATA frame for stream ID 17 with length 0 and flags END_STREAM. 
2023-11-21 16:12:47.7845||INFO|Microsoft.AspNetCore.Hosting.Diagnostics|Request finished HTTP/2 GET https://localhost:7164/api/TrackHistory/GetTrackRunsFromNDCID?pageIndex=0&numberOfRecPerPage=10&ndcId=2q232 - - - 200 - application/json;+charset=utf-8 91547.9294ms 
2023-11-21 16:12:47.7845||TRACE|Microsoft.AspNetCore.Server.Kestrel.Http2|Connection id "0HMVAFMELEBAD" received WINDOW_UPDATE frame for stream ID 0 with length 4 and flags 0x0. 
